<?xml version="1.0" encoding="UTF-8"?>
<testsuite xmlns:xsi="http://www.w3.org/2001/XMLSchema-instance" xsi:noNamespaceSchemaLocation="https://maven.apache.org/surefire/maven-surefire-plugin/xsd/surefire-test-report-3.0.xsd" version="3.0" name="com.calendarConverter.utility.GCOperationsTest" time="0.009" tests="1" errors="0" skipped="0" failures="0">
  <properties>
[...]
</properties>
  <testcase name="testingFormatterND" classname="com.calendarConverter.utility.GCOperationsTest" time="0.004">
    <system-out><![CDATA[Bean: com.calendarConverter.utility.GCOperationsTest.ORIGINAL initialized...
i: 1
i: 3
i: 5
i: 7
i: 8
i: 10
i: 12
Total days: 366
Final date: {32, 12, 2000} Iterations: 366
]]></system-out>
  </testcase>
</testsuite>