<?xml version="1.0" encoding="UTF-8"?>
<testsuite xmlns:xsi="http://www.w3.org/2001/XMLSchema-instance" xsi:noNamespaceSchemaLocation="https://maven.apache.org/surefire/maven-surefire-plugin/xsd/surefire-test-report-3.0.xsd" version="3.0" name="com.calendarConverter.service.ConvertDateTest" time="2.677" tests="3" errors="0" skipped="0" failures="0">
  <properties>
[...]
</properties>
  <testcase name="testForECDays21DD2MM" classname="com.calendarConverter.service.ConvertDateTest" time="0.026">
    <system-out><![CDATA[Bean: appConfig initialized...
Bean: date initialized...
Bean: utility initialized...
Bean: ECOperations initialized...
Bean: GCOperations initialized...
Bean: textFieldFormatter initialized...
Bean: convertDate initialized...
Bean: appFXML initialized...
Logging initialized...
Bean: loggingAspect initialized...
Bean: com.calendarConverter.service.ConvertDateTest.ORIGINAL initialized...
This the setUp method and this is the Date : {1, 1, 2000}
true
BaseY: 2000
StartY: 1988
BaseDay: 3
First day of year: 6
The day is: 4
GC Date: {19, 5, 2011}
]]></system-out>
  </testcase>
  <testcase name="ECtoGCtoEC" classname="com.calendarConverter.service.ConvertDateTest" time="1.769">
    <system-out><![CDATA[Bean: com.calendarConverter.service.ConvertDateTest.ORIGINAL initialized...
This the setUp method and this is the Date : {19, 5, 2011}
true
Date : {1, 1, 2000} Iterations: 1
BaseY: 2000
StartY: 1988
BaseDay: 3
First day of year: 3
The day is: 3
DateGC : {12, 9, 2007} Iterations: 1
BaseY: 2000
StartY: 1988
BaseDay: 3
First day of year: 3
The day is: 3
Date : {1, 1, 2000} Iterations: 1
Date : {2, 1, 2000} Iterations: 2
BaseY: 2000
StartY: 1988
BaseDay: 3
First day of year: 3
The day is: 4
DateGC : {13, 9, 2007} Iterations: 2
BaseY: 2000
StartY: 1988
BaseDay: 3
First day of year: 3
The day is: 4
Date : {2, 1, 2000} Iterations: 2
Date : {3, 1, 2000} Iterations: 3
BaseY: 2000
StartY: 1988
BaseDay: 3
First day of year: 3
The day is: 5
DateGC : {14, 9, 2007} Iterations: 3
BaseY: 2000
StartY: 1988
BaseDay: 3
First day of year: 3
The day is: 5
Date : {3, 1, 2000} Iterations: 3
Date : {4, 1, 2000} Iterations: 4
BaseY: 2000
StartY: 1988
BaseDay: 3
First day of year: 3
The day is: 6
DateGC : {15, 9, 2007} Iterations: 4
BaseY: 2000
StartY: 1988
BaseDay: 3
First day of year: 3
The day is: 6
Date : {4, 1, 2000} Iterations: 4
Date : {5, 1, 2000} Iterations: 5
BaseY: 2000
StartY: 1988
BaseDay: 3
First day of year: 3
The day is: 7
DateGC : {16, 9, 2007} Iterations: 5
BaseY: 2000
StartY: 1988
BaseDay: 3
First day of year: 3
The day is: 7
Date : {5, 1, 2000} Iterations: 5
Date : {6, 1, 2000} Iterations: 6
BaseY: 2000
StartY: 1988
BaseDay: 3
First day of year: 3
The day is: 1
DateGC : {17, 9, 2007} Iterations: 6
BaseY: 2000
StartY: 1988
BaseDay: 3
First day of year: 3
The day is: 1
Date : {6, 1, 2000} Iterations: 6
Date : {7, 1, 2000} Iterations: 7
BaseY: 2000
StartY: 1988
BaseDay: 3
First day of year: 3
The day is: 2
DateGC : {18, 9, 2007} Iterations: 7
BaseY: 2000
StartY: 1988
BaseDay: 3
First day of year: 3
The day is: 2
Date : {7, 1, 2000} Iterations: 7
Date : {8, 1, 2000} Iterations: 8
BaseY: 2000
StartY: 1988
BaseDay: 3
First day of year: 3
The day is: 3
DateGC : {19, 9, 2007} Iterations: 8
BaseY: 2000
StartY: 1988
BaseDay: 3
First day of year: 3
The day is: 3
Date : {8, 1, 2000} Iterations: 8
Date : {9, 1, 2000} Iterations: 9
BaseY: 2000
StartY: 1988
BaseDay: 3
First day of year: 3
The day is: 4
DateGC : {20, 9, 2007} Iterations: 9
BaseY: 2000
StartY: 1988
BaseDay: 3
First day of year: 3
The day is: 4
Date : {9, 1, 2000} Iterations: 9
Date : {10, 1, 2000} Iterations: 10
BaseY: 2000
StartY: 1988
BaseDay: 3
First day of year: 3
The day is: 5
DateGC : {21, 9, 2007} Iterations: 10
BaseY: 2000
StartY: 1988
BaseDay: 3
First day of year: 3
The day is: 5
Date : {10, 1, 2000} Iterations: 10
Date : {11, 1, 2000} Iterations: 11
BaseY: 2000
StartY: 1988
BaseDay: 3
First day of year: 3
The day is: 6
DateGC : {22, 9, 2007} Iterations: 11
BaseY: 2000
StartY: 1988
BaseDay: 3
First day of year: 3
The day is: 6
Date : {11, 1, 2000} Iterations: 11
Date : {12, 1, 2000} Iterations: 12
BaseY: 2000
StartY: 1988
BaseDay: 3
First day of year: 3
The day is: 7
DateGC : {23, 9, 2007} Iterations: 12
BaseY: 2000
StartY: 1988
BaseDay: 3
First day of year: 3
The day is: 7
Date : {12, 1, 2000} Iterations: 12
Date : {13, 1, 2000} Iterations: 13
BaseY: 2000
StartY: 1988
BaseDay: 3
First day of year: 3
The day is: 1
DateGC : {24, 9, 2007} Iterations: 13
BaseY: 2000
StartY: 1988
BaseDay: 3
First day of year: 3
The day is: 1
Date : {13, 1, 2000} Iterations: 13
Date : {14, 1, 2000} Iterations: 14
BaseY: 2000
StartY: 1988
BaseDay: 3
First day of year: 3
The day is: 2
DateGC : {25, 9, 2007} Iterations: 14
BaseY: 2000
StartY: 1988
BaseDay: 3
First day of year: 3
The day is: 2
Date : {14, 1, 2000} Iterations: 14
Date : {15, 1, 2000} Iterations: 15
BaseY: 2000
StartY: 1988
BaseDay: 3
First day of year: 3
The day is: 3
DateGC : {26, 9, 2007} Iterations: 15
BaseY: 2000
StartY: 1988
BaseDay: 3
First day of year: 3
The day is: 3
Date : {15, 1, 2000} Iterations: 15
Date : {16, 1, 2000} Iterations: 16
BaseY: 2000
StartY: 1988
BaseDay: 3
First day of year: 3
The day is: 4
DateGC : {27, 9, 2007} Iterations: 16
BaseY: 2000
StartY: 1988
BaseDay: 3
First day of year: 3
The day is: 4
Date : {16, 1, 2000} Iterations: 16
Date : {17, 1, 2000} Iterations: 17
BaseY: 2000
StartY: 1988
BaseDay: 3
First day of year: 3
The day is: 5
DateGC : {28, 9, 2007} Iterations: 17
BaseY: 2000
StartY: 1988
BaseDay: 3
First day of year: 3
The day is: 5
Date : {17, 1, 2000} Iterations: 17
Date : {18, 1, 2000} Iterations: 18
BaseY: 2000
StartY: 1988
BaseDay: 3
First day of year: 3
The day is: 6
DateGC : {29, 9, 2007} Iterations: 18
BaseY: 2000
StartY: 1988
BaseDay: 3
First day of year: 3
The day is: 6
Date : {18, 1, 2000} Iterations: 18
Date : {19, 1, 2000} Iterations: 19
BaseY: 2000
StartY: 1988
BaseDay: 3
First day of year: 3
The day is: 7
DateGC : {30, 9, 2007} Iterations: 19
BaseY: 2000
StartY: 1988
BaseDay: 3
First day of year: 3
The day is: 7
Date : {19, 1, 2000} Iterations: 19
Date : {20, 1, 2000} Iterations: 20
BaseY: 2000
StartY: 1988
BaseDay: 3
First day of year: 3
The day is: 1
DateGC : {1, 10, 2007} Iterations: 20
BaseY: 2000
StartY: 1988
BaseDay: 3
First day of year: 3
The day is: 1
Date : {20, 1, 2000} Iterations: 20
Date : {21, 1, 2000} Iterations: 21
BaseY: 2000
StartY: 1988
BaseDay: 3
First day of year: 3
The day is: 2
DateGC : {2, 10, 2007} Iterations: 21
BaseY: 2000
StartY: 1988
BaseDay: 3
First day of year: 3
The day is: 2
Date : {21, 1, 2000} Iterations: 21
Date : {22, 1, 2000} Iterations: 22
BaseY: 2000
StartY: 1988
BaseDay: 3
First day of year: 3
The day is: 3
DateGC : {3, 10, 2007} Iterations: 22
BaseY: 2000
StartY: 1988
BaseDay: 3
First day of year: 3
The day is: 3
Date : {22, 1, 2000} Iterations: 22
Date : {23, 1, 2000} Iterations: 23
BaseY: 2000
StartY: 1988
BaseDay: 3
First day of year: 3
The day is: 4
DateGC : {4, 10, 2007} Iterations: 23
BaseY: 2000
StartY: 1988
BaseDay: 3
First day of year: 3
The day is: 4
Date : {23, 1, 2000} Iterations: 23
Date : {24, 1, 2000} Iterations: 24
BaseY: 2000
StartY: 1988
BaseDay: 3
First day of year: 3
The day is: 5
DateGC : {5, 10, 2007} Iterations: 24
BaseY: 2000
StartY: 1988
BaseDay: 3
First day of year: 3
The day is: 5
Date : {24, 1, 2000} Iterations: 24
Date : {25, 1, 2000} Iterations: 25
BaseY: 2000
StartY: 1988
BaseDay: 3
First day of year: 3
The day is: 6
DateGC : {6, 10, 2007} Iterations: 25
BaseY: 2000
StartY: 1988
BaseDay: 3
First day of year: 3
The day is: 6
Date : {25, 1, 2000} Iterations: 25
Date : {26, 1, 2000} Iterations: 26
BaseY: 2000
StartY: 1988
BaseDay: 3
First day of year: 3
The day is: 7
DateGC : {7, 10, 2007} Iterations: 26
BaseY: 2000
StartY: 1988
BaseDay: 3
First day of year: 3
The day is: 7
Date : {26, 1, 2000} Iterations: 26
Date : {27, 1, 2000} Iterations: 27
BaseY: 2000
StartY: 1988
BaseDay: 3
First day of year: 3
The day is: 1
DateGC : {8, 10, 2007} Iterations: 27
BaseY: 2000
StartY: 1988
BaseDay: 3
First day of year: 3
The day is: 1
Date : {27, 1, 2000} Iterations: 27
Date : {28, 1, 2000} Iterations: 28
BaseY: 2000
StartY: 1988
BaseDay: 3
First day of year: 3
The day is: 2
DateGC : {9, 10, 2007} Iterations: 28
BaseY: 2000
StartY: 1988
BaseDay: 3
First day of year: 3
The day is: 2
Date : {28, 1, 2000} Iterations: 28
Date : {29, 1, 2000} Iterations: 29
BaseY: 2000
StartY: 1988
BaseDay: 3
First day of year: 3
The day is: 3
DateGC : {10, 10, 2007} Iterations: 29
BaseY: 2000
StartY: 1988
BaseDay: 3
First day of year: 3
The day is: 3
Date : {29, 1, 2000} Iterations: 29
Date : {30, 1, 2000} Iterations: 30
BaseY: 2000
StartY: 1988
BaseDay: 3
First day of year: 3
The day is: 4
DateGC : {11, 10, 2007} Iterations: 30
BaseY: 2000
StartY: 1988
BaseDay: 3
First day of year: 3
The day is: 4
Date : {30, 1, 2000} Iterations: 30
Date : {1, 2, 2000} Iterations: 31
BaseY: 2000
StartY: 1988
BaseDay: 3
First day of year: 3
The day is: 5
DateGC : {12, 10, 2007} Iterations: 31
BaseY: 2000
StartY: 1988
BaseDay: 3
First day of year: 3
The day is: 5
Date : {1, 2, 2000} Iterations: 31
Date : {2, 2, 2000} Iterations: 32
BaseY: 2000
StartY: 1988
BaseDay: 3
First day of year: 3
The day is: 6
DateGC : {13, 10, 2007} Iterations: 32
BaseY: 2000
StartY: 1988
BaseDay: 3
First day of year: 3
The day is: 6
Date : {2, 2, 2000} Iterations: 32
Date : {3, 2, 2000} Iterations: 33
BaseY: 2000
StartY: 1988
BaseDay: 3
First day of year: 3
The day is: 7
DateGC : {14, 10, 2007} Iterations: 33
BaseY: 2000
StartY: 1988
BaseDay: 3
First day of year: 3
The day is: 7
Date : {3, 2, 2000} Iterations: 33
Date : {4, 2, 2000} Iterations: 34
BaseY: 2000
StartY: 1988
BaseDay: 3
First day of year: 3
The day is: 1
DateGC : {15, 10, 2007} Iterations: 34
BaseY: 2000
StartY: 1988
BaseDay: 3
First day of year: 3
The day is: 1
Date : {4, 2, 2000} Iterations: 34
Date : {5, 2, 2000} Iterations: 35
BaseY: 2000
StartY: 1988
BaseDay: 3
First day of year: 3
The day is: 2
DateGC : {16, 10, 2007} Iterations: 35
BaseY: 2000
StartY: 1988
BaseDay: 3
First day of year: 3
The day is: 2
Date : {5, 2, 2000} Iterations: 35
Date : {6, 2, 2000} Iterations: 36
BaseY: 2000
StartY: 1988
BaseDay: 3
First day of year: 3
The day is: 3
DateGC : {17, 10, 2007} Iterations: 36
BaseY: 2000
StartY: 1988
BaseDay: 3
First day of year: 3
The day is: 3
Date : {6, 2, 2000} Iterations: 36
Date : {7, 2, 2000} Iterations: 37
BaseY: 2000
StartY: 1988
BaseDay: 3
First day of year: 3
The day is: 4
DateGC : {18, 10, 2007} Iterations: 37
BaseY: 2000
StartY: 1988
BaseDay: 3
First day of year: 3
The day is: 4
Date : {7, 2, 2000} Iterations: 37
Date : {8, 2, 2000} Iterations: 38
BaseY: 2000
StartY: 1988
BaseDay: 3
First day of year: 3
The day is: 5
DateGC : {19, 10, 2007} Iterations: 38
BaseY: 2000
StartY: 1988
BaseDay: 3
First day of year: 3
The day is: 5
Date : {8, 2, 2000} Iterations: 38
Date : {9, 2, 2000} Iterations: 39
BaseY: 2000
StartY: 1988
BaseDay: 3
First day of year: 3
The day is: 6
DateGC : {20, 10, 2007} Iterations: 39
BaseY: 2000
StartY: 1988
BaseDay: 3
First day of year: 3
The day is: 6
Date : {9, 2, 2000} Iterations: 39
Date : {10, 2, 2000} Iterations: 40
BaseY: 2000
StartY: 1988
BaseDay: 3
First day of year: 3
The day is: 7
DateGC : {21, 10, 2007} Iterations: 40
BaseY: 2000
StartY: 1988
BaseDay: 3
First day of year: 3
The day is: 7
Date : {10, 2, 2000} Iterations: 40
Date : {11, 2, 2000} Iterations: 41
BaseY: 2000
StartY: 1988
BaseDay: 3
First day of year: 3
The day is: 1
DateGC : {22, 10, 2007} Iterations: 41
BaseY: 2000
StartY: 1988
BaseDay: 3
First day of year: 3
The day is: 1
Date : {11, 2, 2000} Iterations: 41
Date : {12, 2, 2000} Iterations: 42
BaseY: 2000
StartY: 1988
BaseDay: 3
First day of year: 3
The day is: 2
DateGC : {23, 10, 2007} Iterations: 42
BaseY: 2000
StartY: 1988
BaseDay: 3
First day of year: 3
The day is: 2
Date : {12, 2, 2000} Iterations: 42
Date : {13, 2, 2000} Iterations: 43
BaseY: 2000
StartY: 1988
BaseDay: 3
First day of year: 3
The day is: 3
DateGC : {24, 10, 2007} Iterations: 43
BaseY: 2000
StartY: 1988
BaseDay: 3
First day of year: 3
The day is: 3
Date : {13, 2, 2000} Iterations: 43
Date : {14, 2, 2000} Iterations: 44
BaseY: 2000
StartY: 1988
BaseDay: 3
First day of year: 3
The day is: 4
DateGC : {25, 10, 2007} Iterations: 44
BaseY: 2000
StartY: 1988
BaseDay: 3
First day of year: 3
The day is: 4
Date : {14, 2, 2000} Iterations: 44
Date : {15, 2, 2000} Iterations: 45
BaseY: 2000
StartY: 1988
BaseDay: 3
First day of year: 3
The day is: 5
DateGC : {26, 10, 2007} Iterations: 45
BaseY: 2000
StartY: 1988
BaseDay: 3
First day of year: 3
The day is: 5
Date : {15, 2, 2000} Iterations: 45
Date : {16, 2, 2000} Iterations: 46
BaseY: 2000
StartY: 1988
BaseDay: 3
First day of year: 3
The day is: 6
DateGC : {27, 10, 2007} Iterations: 46
BaseY: 2000
StartY: 1988
BaseDay: 3
First day of year: 3
The day is: 6
Date : {16, 2, 2000} Iterations: 46
Date : {17, 2, 2000} Iterations: 47
BaseY: 2000
StartY: 1988
BaseDay: 3
First day of year: 3
The day is: 7
DateGC : {28, 10, 2007} Iterations: 47
BaseY: 2000
StartY: 1988
BaseDay: 3
First day of year: 3
The day is: 7
Date : {17, 2, 2000} Iterations: 47
Date : {18, 2, 2000} Iterations: 48
BaseY: 2000
StartY: 1988
BaseDay: 3
First day of year: 3
The day is: 1
DateGC : {29, 10, 2007} Iterations: 48
BaseY: 2000
StartY: 1988
BaseDay: 3
First day of year: 3
The day is: 1
Date : {18, 2, 2000} Iterations: 48
Date : {19, 2, 2000} Iterations: 49
BaseY: 2000
StartY: 1988
BaseDay: 3
First day of year: 3
The day is: 2
DateGC : {30, 10, 2007} Iterations: 49
BaseY: 2000
StartY: 1988
BaseDay: 3
First day of year: 3
The day is: 2
Date : {19, 2, 2000} Iterations: 49
Date : {20, 2, 2000} Iterations: 50
BaseY: 2000
StartY: 1988
BaseDay: 3
First day of year: 3
The day is: 3
DateGC : {31, 10, 2007} Iterations: 50
BaseY: 2000
StartY: 1988
BaseDay: 3
First day of year: 3
The day is: 3
Date : {20, 2, 2000} Iterations: 50
Date : {21, 2, 2000} Iterations: 51
BaseY: 2000
StartY: 1988
BaseDay: 3
First day of year: 3
The day is: 4
DateGC : {1, 11, 2007} Iterations: 51
BaseY: 2000
StartY: 1988
BaseDay: 3
First day of year: 3
The day is: 4
Date : {21, 2, 2000} Iterations: 51
Date : {22, 2, 2000} Iterations: 52
BaseY: 2000
StartY: 1988
BaseDay: 3
First day of year: 3
The day is: 5
DateGC : {2, 11, 2007} Iterations: 52
BaseY: 2000
StartY: 1988
BaseDay: 3
First day of year: 3
The day is: 5
Date : {22, 2, 2000} Iterations: 52
Date : {23, 2, 2000} Iterations: 53
BaseY: 2000
StartY: 1988
BaseDay: 3
First day of year: 3
The day is: 6
DateGC : {3, 11, 2007} Iterations: 53
BaseY: 2000
StartY: 1988
BaseDay: 3
First day of year: 3
The day is: 6
Date : {23, 2, 2000} Iterations: 53
Date : {24, 2, 2000} Iterations: 54
BaseY: 2000
StartY: 1988
BaseDay: 3
First day of year: 3
The day is: 7
DateGC : {4, 11, 2007} Iterations: 54
BaseY: 2000
StartY: 1988
BaseDay: 3
First day of year: 3
The day is: 7
Date : {24, 2, 2000} Iterations: 54
Date : {25, 2, 2000} Iterations: 55
BaseY: 2000
StartY: 1988
BaseDay: 3
First day of year: 3
The day is: 1
DateGC : {5, 11, 2007} Iterations: 55
BaseY: 2000
StartY: 1988
BaseDay: 3
First day of year: 3
The day is: 1
Date : {25, 2, 2000} Iterations: 55
Date : {26, 2, 2000} Iterations: 56
BaseY: 2000
StartY: 1988
BaseDay: 3
First day of year: 3
The day is: 2
DateGC : {6, 11, 2007} Iterations: 56
BaseY: 2000
StartY: 1988
BaseDay: 3
First day of year: 3
The day is: 2
Date : {26, 2, 2000} Iterations: 56
Date : {27, 2, 2000} Iterations: 57
BaseY: 2000
StartY: 1988
BaseDay: 3
First day of year: 3
The day is: 3
DateGC : {7, 11, 2007} Iterations: 57
BaseY: 2000
StartY: 1988
BaseDay: 3
First day of year: 3
The day is: 3
Date : {27, 2, 2000} Iterations: 57
Date : {28, 2, 2000} Iterations: 58
BaseY: 2000
StartY: 1988
BaseDay: 3
First day of year: 3
The day is: 4
DateGC : {8, 11, 2007} Iterations: 58
BaseY: 2000
StartY: 1988
BaseDay: 3
First day of year: 3
The day is: 4
Date : {28, 2, 2000} Iterations: 58
Date : {29, 2, 2000} Iterations: 59
BaseY: 2000
StartY: 1988
BaseDay: 3
First day of year: 3
The day is: 5
DateGC : {9, 11, 2007} Iterations: 59
BaseY: 2000
StartY: 1988
BaseDay: 3
First day of year: 3
The day is: 5
Date : {29, 2, 2000} Iterations: 59
Date : {30, 2, 2000} Iterations: 60
BaseY: 2000
StartY: 1988
BaseDay: 3
First day of year: 3
The day is: 6
DateGC : {10, 11, 2007} Iterations: 60
BaseY: 2000
StartY: 1988
BaseDay: 3
First day of year: 3
The day is: 6
Date : {30, 2, 2000} Iterations: 60
Date : {1, 3, 2000} Iterations: 61
BaseY: 2000
StartY: 1988
BaseDay: 3
First day of year: 3
The day is: 7
DateGC : {11, 11, 2007} Iterations: 61
BaseY: 2000
StartY: 1988
BaseDay: 3
First day of year: 3
The day is: 7
Date : {1, 3, 2000} Iterations: 61
Date : {2, 3, 2000} Iterations: 62
BaseY: 2000
StartY: 1988
BaseDay: 3
First day of year: 3
The day is: 1
DateGC : {12, 11, 2007} Iterations: 62
BaseY: 2000
StartY: 1988
BaseDay: 3
First day of year: 3
The day is: 1
Date : {2, 3, 2000} Iterations: 62
Date : {3, 3, 2000} Iterations: 63
BaseY: 2000
StartY: 1988
BaseDay: 3
First day of year: 3
The day is: 2
DateGC : {13, 11, 2007} Iterations: 63
BaseY: 2000
StartY: 1988
BaseDay: 3
First day of year: 3
The day is: 2
Date : {3, 3, 2000} Iterations: 63
Date : {4, 3, 2000} Iterations: 64
BaseY: 2000
StartY: 1988
BaseDay: 3
First day of year: 3
The day is: 3
DateGC : {14, 11, 2007} Iterations: 64
BaseY: 2000
StartY: 1988
BaseDay: 3
First day of year: 3
The day is: 3
Date : {4, 3, 2000} Iterations: 64
Date : {5, 3, 2000} Iterations: 65
BaseY: 2000
StartY: 1988
BaseDay: 3
First day of year: 3
The day is: 4
DateGC : {15, 11, 2007} Iterations: 65
BaseY: 2000
StartY: 1988
BaseDay: 3
First day of year: 3
The day is: 4
Date : {5, 3, 2000} Iterations: 65
Date : {6, 3, 2000} Iterations: 66
BaseY: 2000
StartY: 1988
BaseDay: 3
First day of year: 3
The day is: 5
DateGC : {16, 11, 2007} Iterations: 66
BaseY: 2000
StartY: 1988
BaseDay: 3
First day of year: 3
The day is: 5
Date : {6, 3, 2000} Iterations: 66
Date : {7, 3, 2000} Iterations: 67
BaseY: 2000
StartY: 1988
BaseDay: 3
First day of year: 3
The day is: 6
DateGC : {17, 11, 2007} Iterations: 67
BaseY: 2000
StartY: 1988
BaseDay: 3
First day of year: 3
The day is: 6
Date : {7, 3, 2000} Iterations: 67
Date : {8, 3, 2000} Iterations: 68
BaseY: 2000
StartY: 1988
BaseDay: 3
First day of year: 3
The day is: 7
DateGC : {18, 11, 2007} Iterations: 68
BaseY: 2000
StartY: 1988
BaseDay: 3
First day of year: 3
The day is: 7
Date : {8, 3, 2000} Iterations: 68
Date : {9, 3, 2000} Iterations: 69
BaseY: 2000
StartY: 1988
BaseDay: 3
First day of year: 3
The day is: 1
DateGC : {19, 11, 2007} Iterations: 69
BaseY: 2000
StartY: 1988
BaseDay: 3
First day of year: 3
The day is: 1
Date : {9, 3, 2000} Iterations: 69
Date : {10, 3, 2000} Iterations: 70
BaseY: 2000
StartY: 1988
BaseDay: 3
First day of year: 3
The day is: 2
DateGC : {20, 11, 2007} Iterations: 70
BaseY: 2000
StartY: 1988
BaseDay: 3
First day of year: 3
The day is: 2
Date : {10, 3, 2000} Iterations: 70
Date : {11, 3, 2000} Iterations: 71
BaseY: 2000
StartY: 1988
BaseDay: 3
First day of year: 3
The day is: 3
DateGC : {21, 11, 2007} Iterations: 71
BaseY: 2000
StartY: 1988
BaseDay: 3
First day of year: 3
The day is: 3
Date : {11, 3, 2000} Iterations: 71
Date : {12, 3, 2000} Iterations: 72
BaseY: 2000
StartY: 1988
BaseDay: 3
First day of year: 3
The day is: 4
DateGC : {22, 11, 2007} Iterations: 72
BaseY: 2000
StartY: 1988
BaseDay: 3
First day of year: 3
The day is: 4
Date : {12, 3, 2000} Iterations: 72
Date : {13, 3, 2000} Iterations: 73
BaseY: 2000
StartY: 1988
BaseDay: 3
First day of year: 3
The day is: 5
DateGC : {23, 11, 2007} Iterations: 73
BaseY: 2000
StartY: 1988
BaseDay: 3
First day of year: 3
The day is: 5
Date : {13, 3, 2000} Iterations: 73
Date : {14, 3, 2000} Iterations: 74
BaseY: 2000
StartY: 1988
BaseDay: 3
First day of year: 3
The day is: 6
DateGC : {24, 11, 2007} Iterations: 74
BaseY: 2000
StartY: 1988
BaseDay: 3
First day of year: 3
The day is: 6
Date : {14, 3, 2000} Iterations: 74
Date : {15, 3, 2000} Iterations: 75
BaseY: 2000
StartY: 1988
BaseDay: 3
First day of year: 3
The day is: 7
DateGC : {25, 11, 2007} Iterations: 75
BaseY: 2000
StartY: 1988
BaseDay: 3
First day of year: 3
The day is: 7
Date : {15, 3, 2000} Iterations: 75
Date : {16, 3, 2000} Iterations: 76
BaseY: 2000
StartY: 1988
BaseDay: 3
First day of year: 3
The day is: 1
DateGC : {26, 11, 2007} Iterations: 76
BaseY: 2000
StartY: 1988
BaseDay: 3
First day of year: 3
The day is: 1
Date : {16, 3, 2000} Iterations: 76
Date : {17, 3, 2000} Iterations: 77
BaseY: 2000
StartY: 1988
BaseDay: 3
First day of year: 3
The day is: 2
DateGC : {27, 11, 2007} Iterations: 77
BaseY: 2000
StartY: 1988
BaseDay: 3
First day of year: 3
The day is: 2
Date : {17, 3, 2000} Iterations: 77
Date : {18, 3, 2000} Iterations: 78
BaseY: 2000
StartY: 1988
BaseDay: 3
First day of year: 3
The day is: 3
DateGC : {28, 11, 2007} Iterations: 78
BaseY: 2000
StartY: 1988
BaseDay: 3
First day of year: 3
The day is: 3
Date : {18, 3, 2000} Iterations: 78
Date : {19, 3, 2000} Iterations: 79
BaseY: 2000
StartY: 1988
BaseDay: 3
First day of year: 3
The day is: 4
DateGC : {29, 11, 2007} Iterations: 79
BaseY: 2000
StartY: 1988
BaseDay: 3
First day of year: 3
The day is: 4
Date : {19, 3, 2000} Iterations: 79
Date : {20, 3, 2000} Iterations: 80
BaseY: 2000
StartY: 1988
BaseDay: 3
First day of year: 3
The day is: 5
DateGC : {30, 11, 2007} Iterations: 80
BaseY: 2000
StartY: 1988
BaseDay: 3
First day of year: 3
The day is: 5
Date : {20, 3, 2000} Iterations: 80
Date : {21, 3, 2000} Iterations: 81
BaseY: 2000
StartY: 1988
BaseDay: 3
First day of year: 3
The day is: 6
DateGC : {1, 12, 2007} Iterations: 81
BaseY: 2000
StartY: 1988
BaseDay: 3
First day of year: 3
The day is: 6
Date : {21, 3, 2000} Iterations: 81
Date : {22, 3, 2000} Iterations: 82
BaseY: 2000
StartY: 1988
BaseDay: 3
First day of year: 3
The day is: 7
DateGC : {2, 12, 2007} Iterations: 82
BaseY: 2000
StartY: 1988
BaseDay: 3
First day of year: 3
The day is: 7
Date : {22, 3, 2000} Iterations: 82
Date : {23, 3, 2000} Iterations: 83
BaseY: 2000
StartY: 1988
BaseDay: 3
First day of year: 3
The day is: 1
DateGC : {3, 12, 2007} Iterations: 83
BaseY: 2000
StartY: 1988
BaseDay: 3
First day of year: 3
The day is: 1
Date : {23, 3, 2000} Iterations: 83
Date : {24, 3, 2000} Iterations: 84
BaseY: 2000
StartY: 1988
BaseDay: 3
First day of year: 3
The day is: 2
DateGC : {4, 12, 2007} Iterations: 84
BaseY: 2000
StartY: 1988
BaseDay: 3
First day of year: 3
The day is: 2
Date : {24, 3, 2000} Iterations: 84
Date : {25, 3, 2000} Iterations: 85
BaseY: 2000
StartY: 1988
BaseDay: 3
First day of year: 3
The day is: 3
DateGC : {5, 12, 2007} Iterations: 85
BaseY: 2000
StartY: 1988
BaseDay: 3
First day of year: 3
The day is: 3
Date : {25, 3, 2000} Iterations: 85
Date : {26, 3, 2000} Iterations: 86
BaseY: 2000
StartY: 1988
BaseDay: 3
First day of year: 3
The day is: 4
DateGC : {6, 12, 2007} Iterations: 86
BaseY: 2000
StartY: 1988
BaseDay: 3
First day of year: 3
The day is: 4
Date : {26, 3, 2000} Iterations: 86
Date : {27, 3, 2000} Iterations: 87
BaseY: 2000
StartY: 1988
BaseDay: 3
First day of year: 3
The day is: 5
DateGC : {7, 12, 2007} Iterations: 87
BaseY: 2000
StartY: 1988
BaseDay: 3
First day of year: 3
The day is: 5
Date : {27, 3, 2000} Iterations: 87
Date : {28, 3, 2000} Iterations: 88
BaseY: 2000
StartY: 1988
BaseDay: 3
First day of year: 3
The day is: 6
DateGC : {8, 12, 2007} Iterations: 88
BaseY: 2000
StartY: 1988
BaseDay: 3
First day of year: 3
The day is: 6
Date : {28, 3, 2000} Iterations: 88
Date : {29, 3, 2000} Iterations: 89
BaseY: 2000
StartY: 1988
BaseDay: 3
First day of year: 3
The day is: 7
DateGC : {9, 12, 2007} Iterations: 89
BaseY: 2000
StartY: 1988
BaseDay: 3
First day of year: 3
The day is: 7
Date : {29, 3, 2000} Iterations: 89
Date : {30, 3, 2000} Iterations: 90
BaseY: 2000
StartY: 1988
BaseDay: 3
First day of year: 3
The day is: 1
DateGC : {10, 12, 2007} Iterations: 90
BaseY: 2000
StartY: 1988
BaseDay: 3
First day of year: 3
The day is: 1
Date : {30, 3, 2000} Iterations: 90
Date : {1, 4, 2000} Iterations: 91
BaseY: 2000
StartY: 1988
BaseDay: 3
First day of year: 3
The day is: 2
DateGC : {11, 12, 2007} Iterations: 91
BaseY: 2000
StartY: 1988
BaseDay: 3
First day of year: 3
The day is: 2
Date : {1, 4, 2000} Iterations: 91
Date : {2, 4, 2000} Iterations: 92
BaseY: 2000
StartY: 1988
BaseDay: 3
First day of year: 3
The day is: 3
DateGC : {12, 12, 2007} Iterations: 92
BaseY: 2000
StartY: 1988
BaseDay: 3
First day of year: 3
The day is: 3
Date : {2, 4, 2000} Iterations: 92
Date : {3, 4, 2000} Iterations: 93
BaseY: 2000
StartY: 1988
BaseDay: 3
First day of year: 3
The day is: 4
DateGC : {13, 12, 2007} Iterations: 93
BaseY: 2000
StartY: 1988
BaseDay: 3
First day of year: 3
The day is: 4
Date : {3, 4, 2000} Iterations: 93
Date : {4, 4, 2000} Iterations: 94
BaseY: 2000
StartY: 1988
BaseDay: 3
First day of year: 3
The day is: 5
DateGC : {14, 12, 2007} Iterations: 94
BaseY: 2000
StartY: 1988
BaseDay: 3
First day of year: 3
The day is: 5
Date : {4, 4, 2000} Iterations: 94
Date : {5, 4, 2000} Iterations: 95
BaseY: 2000
StartY: 1988
BaseDay: 3
First day of year: 3
The day is: 6
DateGC : {15, 12, 2007} Iterations: 95
BaseY: 2000
StartY: 1988
BaseDay: 3
First day of year: 3
The day is: 6
Date : {5, 4, 2000} Iterations: 95
Date : {6, 4, 2000} Iterations: 96
BaseY: 2000
StartY: 1988
BaseDay: 3
First day of year: 3
The day is: 7
DateGC : {16, 12, 2007} Iterations: 96
BaseY: 2000
StartY: 1988
BaseDay: 3
First day of year: 3
The day is: 7
Date : {6, 4, 2000} Iterations: 96
Date : {7, 4, 2000} Iterations: 97
BaseY: 2000
StartY: 1988
BaseDay: 3
First day of year: 3
The day is: 1
DateGC : {17, 12, 2007} Iterations: 97
BaseY: 2000
StartY: 1988
BaseDay: 3
First day of year: 3
The day is: 1
Date : {7, 4, 2000} Iterations: 97
Date : {8, 4, 2000} Iterations: 98
BaseY: 2000
StartY: 1988
BaseDay: 3
First day of year: 3
The day is: 2
DateGC : {18, 12, 2007} Iterations: 98
BaseY: 2000
StartY: 1988
BaseDay: 3
First day of year: 3
The day is: 2
Date : {8, 4, 2000} Iterations: 98
Date : {9, 4, 2000} Iterations: 99
BaseY: 2000
StartY: 1988
BaseDay: 3
First day of year: 3
The day is: 3
DateGC : {19, 12, 2007} Iterations: 99
BaseY: 2000
StartY: 1988
BaseDay: 3
First day of year: 3
The day is: 3
Date : {9, 4, 2000} Iterations: 99
Date : {10, 4, 2000} Iterations: 100
BaseY: 2000
StartY: 1988
BaseDay: 3
First day of year: 3
The day is: 4
DateGC : {20, 12, 2007} Iterations: 100
BaseY: 2000
StartY: 1988
BaseDay: 3
First day of year: 3
The day is: 4
Date : {10, 4, 2000} Iterations: 100
Date : {11, 4, 2000} Iterations: 101
BaseY: 2000
StartY: 1988
BaseDay: 3
First day of year: 3
The day is: 5
DateGC : {21, 12, 2007} Iterations: 101
BaseY: 2000
StartY: 1988
BaseDay: 3
First day of year: 3
The day is: 5
Date : {11, 4, 2000} Iterations: 101
Date : {12, 4, 2000} Iterations: 102
BaseY: 2000
StartY: 1988
BaseDay: 3
First day of year: 3
The day is: 6
DateGC : {22, 12, 2007} Iterations: 102
BaseY: 2000
StartY: 1988
BaseDay: 3
First day of year: 3
The day is: 6
Date : {12, 4, 2000} Iterations: 102
Date : {13, 4, 2000} Iterations: 103
BaseY: 2000
StartY: 1988
BaseDay: 3
First day of year: 3
The day is: 7
DateGC : {23, 12, 2007} Iterations: 103
BaseY: 2000
StartY: 1988
BaseDay: 3
First day of year: 3
The day is: 7
Date : {13, 4, 2000} Iterations: 103
Date : {14, 4, 2000} Iterations: 104
BaseY: 2000
StartY: 1988
BaseDay: 3
First day of year: 3
The day is: 1
DateGC : {24, 12, 2007} Iterations: 104
BaseY: 2000
StartY: 1988
BaseDay: 3
First day of year: 3
The day is: 1
Date : {14, 4, 2000} Iterations: 104
Date : {15, 4, 2000} Iterations: 105
BaseY: 2000
StartY: 1988
BaseDay: 3
First day of year: 3
The day is: 2
DateGC : {25, 12, 2007} Iterations: 105
BaseY: 2000
StartY: 1988
BaseDay: 3
First day of year: 3
The day is: 2
Date : {15, 4, 2000} Iterations: 105
Date : {16, 4, 2000} Iterations: 106
BaseY: 2000
StartY: 1988
BaseDay: 3
First day of year: 3
The day is: 3
DateGC : {26, 12, 2007} Iterations: 106
BaseY: 2000
StartY: 1988
BaseDay: 3
First day of year: 3
The day is: 3
Date : {16, 4, 2000} Iterations: 106
Date : {17, 4, 2000} Iterations: 107
BaseY: 2000
StartY: 1988
BaseDay: 3
First day of year: 3
The day is: 4
DateGC : {27, 12, 2007} Iterations: 107
BaseY: 2000
StartY: 1988
BaseDay: 3
First day of year: 3
The day is: 4
Date : {17, 4, 2000} Iterations: 107
Date : {18, 4, 2000} Iterations: 108
BaseY: 2000
StartY: 1988
BaseDay: 3
First day of year: 3
The day is: 5
DateGC : {28, 12, 2007} Iterations: 108
BaseY: 2000
StartY: 1988
BaseDay: 3
First day of year: 3
The day is: 5
Date : {18, 4, 2000} Iterations: 108
Date : {19, 4, 2000} Iterations: 109
BaseY: 2000
StartY: 1988
BaseDay: 3
First day of year: 3
The day is: 6
DateGC : {29, 12, 2007} Iterations: 109
BaseY: 2000
StartY: 1988
BaseDay: 3
First day of year: 3
The day is: 6
Date : {19, 4, 2000} Iterations: 109
Date : {20, 4, 2000} Iterations: 110
BaseY: 2000
StartY: 1988
BaseDay: 3
First day of year: 3
The day is: 7
DateGC : {30, 12, 2007} Iterations: 110
BaseY: 2000
StartY: 1988
BaseDay: 3
First day of year: 3
The day is: 7
Date : {20, 4, 2000} Iterations: 110
Date : {21, 4, 2000} Iterations: 111
BaseY: 2000
StartY: 1988
BaseDay: 3
First day of year: 3
The day is: 1
DateGC : {31, 12, 2007} Iterations: 111
BaseY: 2000
StartY: 1988
BaseDay: 3
First day of year: 3
The day is: 1
Date : {21, 4, 2000} Iterations: 111
Date : {22, 4, 2000} Iterations: 112
BaseY: 2000
StartY: 1988
BaseDay: 3
First day of year: 3
The day is: 2
DateGC : {1, 1, 2008} Iterations: 112
BaseY: 2000
StartY: 1988
BaseDay: 3
First day of year: 3
The day is: 2
Date : {22, 4, 2000} Iterations: 112
Date : {23, 4, 2000} Iterations: 113
BaseY: 2000
StartY: 1988
BaseDay: 3
First day of year: 3
The day is: 3
DateGC : {2, 1, 2008} Iterations: 113
BaseY: 2000
StartY: 1988
BaseDay: 3
First day of year: 3
The day is: 3
Date : {23, 4, 2000} Iterations: 113
Date : {24, 4, 2000} Iterations: 114
BaseY: 2000
StartY: 1988
BaseDay: 3
First day of year: 3
The day is: 4
DateGC : {3, 1, 2008} Iterations: 114
BaseY: 2000
StartY: 1988
BaseDay: 3
First day of year: 3
The day is: 4
Date : {24, 4, 2000} Iterations: 114
Date : {25, 4, 2000} Iterations: 115
BaseY: 2000
StartY: 1988
BaseDay: 3
First day of year: 3
The day is: 5
DateGC : {4, 1, 2008} Iterations: 115
BaseY: 2000
StartY: 1988
BaseDay: 3
First day of year: 3
The day is: 5
Date : {25, 4, 2000} Iterations: 115
Date : {26, 4, 2000} Iterations: 116
BaseY: 2000
StartY: 1988
BaseDay: 3
First day of year: 3
The day is: 6
DateGC : {5, 1, 2008} Iterations: 116
BaseY: 2000
StartY: 1988
BaseDay: 3
First day of year: 3
The day is: 6
Date : {26, 4, 2000} Iterations: 116
Date : {27, 4, 2000} Iterations: 117
BaseY: 2000
StartY: 1988
BaseDay: 3
First day of year: 3
The day is: 7
DateGC : {6, 1, 2008} Iterations: 117
BaseY: 2000
StartY: 1988
BaseDay: 3
First day of year: 3
The day is: 7
Date : {27, 4, 2000} Iterations: 117
Date : {28, 4, 2000} Iterations: 118
BaseY: 2000
StartY: 1988
BaseDay: 3
First day of year: 3
The day is: 1
DateGC : {7, 1, 2008} Iterations: 118
BaseY: 2000
StartY: 1988
BaseDay: 3
First day of year: 3
The day is: 1
Date : {28, 4, 2000} Iterations: 118
Date : {29, 4, 2000} Iterations: 119
BaseY: 2000
StartY: 1988
BaseDay: 3
First day of year: 3
The day is: 2
DateGC : {8, 1, 2008} Iterations: 119
BaseY: 2000
StartY: 1988
BaseDay: 3
First day of year: 3
The day is: 2
Date : {29, 4, 2000} Iterations: 119
Date : {30, 4, 2000} Iterations: 120
BaseY: 2000
StartY: 1988
BaseDay: 3
First day of year: 3
The day is: 3
DateGC : {9, 1, 2008} Iterations: 120
BaseY: 2000
StartY: 1988
BaseDay: 3
First day of year: 3
The day is: 3
Date : {30, 4, 2000} Iterations: 120
Date : {1, 5, 2000} Iterations: 121
BaseY: 2000
StartY: 1988
BaseDay: 3
First day of year: 3
The day is: 4
DateGC : {10, 1, 2008} Iterations: 121
BaseY: 2000
StartY: 1988
BaseDay: 3
First day of year: 3
The day is: 4
Date : {1, 5, 2000} Iterations: 121
Date : {2, 5, 2000} Iterations: 122
BaseY: 2000
StartY: 1988
BaseDay: 3
First day of year: 3
The day is: 5
DateGC : {11, 1, 2008} Iterations: 122
BaseY: 2000
StartY: 1988
BaseDay: 3
First day of year: 3
The day is: 5
Date : {2, 5, 2000} Iterations: 122
Date : {3, 5, 2000} Iterations: 123
BaseY: 2000
StartY: 1988
BaseDay: 3
First day of year: 3
The day is: 6
DateGC : {12, 1, 2008} Iterations: 123
BaseY: 2000
StartY: 1988
BaseDay: 3
First day of year: 3
The day is: 6
Date : {3, 5, 2000} Iterations: 123
Date : {4, 5, 2000} Iterations: 124
BaseY: 2000
StartY: 1988
BaseDay: 3
First day of year: 3
The day is: 7
DateGC : {13, 1, 2008} Iterations: 124
BaseY: 2000
StartY: 1988
BaseDay: 3
First day of year: 3
The day is: 7
Date : {4, 5, 2000} Iterations: 124
Date : {5, 5, 2000} Iterations: 125
BaseY: 2000
StartY: 1988
BaseDay: 3
First day of year: 3
The day is: 1
DateGC : {14, 1, 2008} Iterations: 125
BaseY: 2000
StartY: 1988
BaseDay: 3
First day of year: 3
The day is: 1
Date : {5, 5, 2000} Iterations: 125
Date : {6, 5, 2000} Iterations: 126
BaseY: 2000
StartY: 1988
BaseDay: 3
First day of year: 3
The day is: 2
DateGC : {15, 1, 2008} Iterations: 126
BaseY: 2000
StartY: 1988
BaseDay: 3
First day of year: 3
The day is: 2
Date : {6, 5, 2000} Iterations: 126
Date : {7, 5, 2000} Iterations: 127
BaseY: 2000
StartY: 1988
BaseDay: 3
First day of year: 3
The day is: 3
DateGC : {16, 1, 2008} Iterations: 127
BaseY: 2000
StartY: 1988
BaseDay: 3
First day of year: 3
The day is: 3
Date : {7, 5, 2000} Iterations: 127
Date : {8, 5, 2000} Iterations: 128
BaseY: 2000
StartY: 1988
BaseDay: 3
First day of year: 3
The day is: 4
DateGC : {17, 1, 2008} Iterations: 128
BaseY: 2000
StartY: 1988
BaseDay: 3
First day of year: 3
The day is: 4
Date : {8, 5, 2000} Iterations: 128
Date : {9, 5, 2000} Iterations: 129
BaseY: 2000
StartY: 1988
BaseDay: 3
First day of year: 3
The day is: 5
DateGC : {18, 1, 2008} Iterations: 129
BaseY: 2000
StartY: 1988
BaseDay: 3
First day of year: 3
The day is: 5
Date : {9, 5, 2000} Iterations: 129
Date : {10, 5, 2000} Iterations: 130
BaseY: 2000
StartY: 1988
BaseDay: 3
First day of year: 3
The day is: 6
DateGC : {19, 1, 2008} Iterations: 130
BaseY: 2000
StartY: 1988
BaseDay: 3
First day of year: 3
The day is: 6
Date : {10, 5, 2000} Iterations: 130
Date : {11, 5, 2000} Iterations: 131
BaseY: 2000
StartY: 1988
BaseDay: 3
First day of year: 3
The day is: 7
DateGC : {20, 1, 2008} Iterations: 131
BaseY: 2000
StartY: 1988
BaseDay: 3
First day of year: 3
The day is: 7
Date : {11, 5, 2000} Iterations: 131
Date : {12, 5, 2000} Iterations: 132
BaseY: 2000
StartY: 1988
BaseDay: 3
First day of year: 3
The day is: 1
DateGC : {21, 1, 2008} Iterations: 132
BaseY: 2000
StartY: 1988
BaseDay: 3
First day of year: 3
The day is: 1
Date : {12, 5, 2000} Iterations: 132
Date : {13, 5, 2000} Iterations: 133
BaseY: 2000
StartY: 1988
BaseDay: 3
First day of year: 3
The day is: 2
DateGC : {22, 1, 2008} Iterations: 133
BaseY: 2000
StartY: 1988
BaseDay: 3
First day of year: 3
The day is: 2
Date : {13, 5, 2000} Iterations: 133
Date : {14, 5, 2000} Iterations: 134
BaseY: 2000
StartY: 1988
BaseDay: 3
First day of year: 3
The day is: 3
DateGC : {23, 1, 2008} Iterations: 134
BaseY: 2000
StartY: 1988
BaseDay: 3
First day of year: 3
The day is: 3
Date : {14, 5, 2000} Iterations: 134
Date : {15, 5, 2000} Iterations: 135
BaseY: 2000
StartY: 1988
BaseDay: 3
First day of year: 3
The day is: 4
DateGC : {24, 1, 2008} Iterations: 135
BaseY: 2000
StartY: 1988
BaseDay: 3
First day of year: 3
The day is: 4
Date : {15, 5, 2000} Iterations: 135
Date : {16, 5, 2000} Iterations: 136
BaseY: 2000
StartY: 1988
BaseDay: 3
First day of year: 3
The day is: 5
DateGC : {25, 1, 2008} Iterations: 136
BaseY: 2000
StartY: 1988
BaseDay: 3
First day of year: 3
The day is: 5
Date : {16, 5, 2000} Iterations: 136
Date : {17, 5, 2000} Iterations: 137
BaseY: 2000
StartY: 1988
BaseDay: 3
First day of year: 3
The day is: 6
DateGC : {26, 1, 2008} Iterations: 137
BaseY: 2000
StartY: 1988
BaseDay: 3
First day of year: 3
The day is: 6
Date : {17, 5, 2000} Iterations: 137
Date : {18, 5, 2000} Iterations: 138
BaseY: 2000
StartY: 1988
BaseDay: 3
First day of year: 3
The day is: 7
DateGC : {27, 1, 2008} Iterations: 138
BaseY: 2000
StartY: 1988
BaseDay: 3
First day of year: 3
The day is: 7
Date : {18, 5, 2000} Iterations: 138
Date : {19, 5, 2000} Iterations: 139
BaseY: 2000
StartY: 1988
BaseDay: 3
First day of year: 3
The day is: 1
DateGC : {28, 1, 2008} Iterations: 139
BaseY: 2000
StartY: 1988
BaseDay: 3
First day of year: 3
The day is: 1
Date : {19, 5, 2000} Iterations: 139
Date : {20, 5, 2000} Iterations: 140
BaseY: 2000
StartY: 1988
BaseDay: 3
First day of year: 3
The day is: 2
DateGC : {29, 1, 2008} Iterations: 140
BaseY: 2000
StartY: 1988
BaseDay: 3
First day of year: 3
The day is: 2
Date : {20, 5, 2000} Iterations: 140
Date : {21, 5, 2000} Iterations: 141
BaseY: 2000
StartY: 1988
BaseDay: 3
First day of year: 3
The day is: 3
DateGC : {30, 1, 2008} Iterations: 141
BaseY: 2000
StartY: 1988
BaseDay: 3
First day of year: 3
The day is: 3
Date : {21, 5, 2000} Iterations: 141
Date : {22, 5, 2000} Iterations: 142
BaseY: 2000
StartY: 1988
BaseDay: 3
First day of year: 3
The day is: 4
DateGC : {31, 1, 2008} Iterations: 142
BaseY: 2000
StartY: 1988
BaseDay: 3
First day of year: 3
The day is: 4
Date : {22, 5, 2000} Iterations: 142
Date : {23, 5, 2000} Iterations: 143
BaseY: 2000
StartY: 1988
BaseDay: 3
First day of year: 3
The day is: 5
DateGC : {1, 2, 2008} Iterations: 143
BaseY: 2000
StartY: 1988
BaseDay: 3
First day of year: 3
The day is: 5
Date : {23, 5, 2000} Iterations: 143
Date : {24, 5, 2000} Iterations: 144
BaseY: 2000
StartY: 1988
BaseDay: 3
First day of year: 3
The day is: 6
DateGC : {2, 2, 2008} Iterations: 144
BaseY: 2000
StartY: 1988
BaseDay: 3
First day of year: 3
The day is: 6
Date : {24, 5, 2000} Iterations: 144
Date : {25, 5, 2000} Iterations: 145
BaseY: 2000
StartY: 1988
BaseDay: 3
First day of year: 3
The day is: 7
DateGC : {3, 2, 2008} Iterations: 145
BaseY: 2000
StartY: 1988
BaseDay: 3
First day of year: 3
The day is: 7
Date : {25, 5, 2000} Iterations: 145
Date : {26, 5, 2000} Iterations: 146
BaseY: 2000
StartY: 1988
BaseDay: 3
First day of year: 3
The day is: 1
DateGC : {4, 2, 2008} Iterations: 146
BaseY: 2000
StartY: 1988
BaseDay: 3
First day of year: 3
The day is: 1
Date : {26, 5, 2000} Iterations: 146
Date : {27, 5, 2000} Iterations: 147
BaseY: 2000
StartY: 1988
BaseDay: 3
First day of year: 3
The day is: 2
DateGC : {5, 2, 2008} Iterations: 147
BaseY: 2000
StartY: 1988
BaseDay: 3
First day of year: 3
The day is: 2
Date : {27, 5, 2000} Iterations: 147
Date : {28, 5, 2000} Iterations: 148
BaseY: 2000
StartY: 1988
BaseDay: 3
First day of year: 3
The day is: 3
DateGC : {6, 2, 2008} Iterations: 148
BaseY: 2000
StartY: 1988
BaseDay: 3
First day of year: 3
The day is: 3
Date : {28, 5, 2000} Iterations: 148
Date : {29, 5, 2000} Iterations: 149
BaseY: 2000
StartY: 1988
BaseDay: 3
First day of year: 3
The day is: 4
DateGC : {7, 2, 2008} Iterations: 149
BaseY: 2000
StartY: 1988
BaseDay: 3
First day of year: 3
The day is: 4
Date : {29, 5, 2000} Iterations: 149
Date : {30, 5, 2000} Iterations: 150
BaseY: 2000
StartY: 1988
BaseDay: 3
First day of year: 3
The day is: 5
DateGC : {8, 2, 2008} Iterations: 150
BaseY: 2000
StartY: 1988
BaseDay: 3
First day of year: 3
The day is: 5
Date : {30, 5, 2000} Iterations: 150
Date : {1, 6, 2000} Iterations: 151
BaseY: 2000
StartY: 1988
BaseDay: 3
First day of year: 3
The day is: 6
DateGC : {9, 2, 2008} Iterations: 151
BaseY: 2000
StartY: 1988
BaseDay: 3
First day of year: 3
The day is: 6
Date : {1, 6, 2000} Iterations: 151
Date : {2, 6, 2000} Iterations: 152
BaseY: 2000
StartY: 1988
BaseDay: 3
First day of year: 3
The day is: 7
DateGC : {10, 2, 2008} Iterations: 152
BaseY: 2000
StartY: 1988
BaseDay: 3
First day of year: 3
The day is: 7
Date : {2, 6, 2000} Iterations: 152
Date : {3, 6, 2000} Iterations: 153
BaseY: 2000
StartY: 1988
BaseDay: 3
First day of year: 3
The day is: 1
DateGC : {11, 2, 2008} Iterations: 153
BaseY: 2000
StartY: 1988
BaseDay: 3
First day of year: 3
The day is: 1
Date : {3, 6, 2000} Iterations: 153
Date : {4, 6, 2000} Iterations: 154
BaseY: 2000
StartY: 1988
BaseDay: 3
First day of year: 3
The day is: 2
DateGC : {12, 2, 2008} Iterations: 154
BaseY: 2000
StartY: 1988
BaseDay: 3
First day of year: 3
The day is: 2
Date : {4, 6, 2000} Iterations: 154
Date : {5, 6, 2000} Iterations: 155
BaseY: 2000
StartY: 1988
BaseDay: 3
First day of year: 3
The day is: 3
DateGC : {13, 2, 2008} Iterations: 155
BaseY: 2000
StartY: 1988
BaseDay: 3
First day of year: 3
The day is: 3
Date : {5, 6, 2000} Iterations: 155
Date : {6, 6, 2000} Iterations: 156
BaseY: 2000
StartY: 1988
BaseDay: 3
First day of year: 3
The day is: 4
DateGC : {14, 2, 2008} Iterations: 156
BaseY: 2000
StartY: 1988
BaseDay: 3
First day of year: 3
The day is: 4
Date : {6, 6, 2000} Iterations: 156
Date : {7, 6, 2000} Iterations: 157
BaseY: 2000
StartY: 1988
BaseDay: 3
First day of year: 3
The day is: 5
DateGC : {15, 2, 2008} Iterations: 157
BaseY: 2000
StartY: 1988
BaseDay: 3
First day of year: 3
The day is: 5
Date : {7, 6, 2000} Iterations: 157
Date : {8, 6, 2000} Iterations: 158
BaseY: 2000
StartY: 1988
BaseDay: 3
First day of year: 3
The day is: 6
DateGC : {16, 2, 2008} Iterations: 158
BaseY: 2000
StartY: 1988
BaseDay: 3
First day of year: 3
The day is: 6
Date : {8, 6, 2000} Iterations: 158
Date : {9, 6, 2000} Iterations: 159
BaseY: 2000
StartY: 1988
BaseDay: 3
First day of year: 3
The day is: 7
DateGC : {17, 2, 2008} Iterations: 159
BaseY: 2000
StartY: 1988
BaseDay: 3
First day of year: 3
The day is: 7
Date : {9, 6, 2000} Iterations: 159
Date : {10, 6, 2000} Iterations: 160
BaseY: 2000
StartY: 1988
BaseDay: 3
First day of year: 3
The day is: 1
DateGC : {18, 2, 2008} Iterations: 160
BaseY: 2000
StartY: 1988
BaseDay: 3
First day of year: 3
The day is: 1
Date : {10, 6, 2000} Iterations: 160
Date : {11, 6, 2000} Iterations: 161
BaseY: 2000
StartY: 1988
BaseDay: 3
First day of year: 3
The day is: 2
DateGC : {19, 2, 2008} Iterations: 161
BaseY: 2000
StartY: 1988
BaseDay: 3
First day of year: 3
The day is: 2
Date : {11, 6, 2000} Iterations: 161
Date : {12, 6, 2000} Iterations: 162
BaseY: 2000
StartY: 1988
BaseDay: 3
First day of year: 3
The day is: 3
DateGC : {20, 2, 2008} Iterations: 162
BaseY: 2000
StartY: 1988
BaseDay: 3
First day of year: 3
The day is: 3
Date : {12, 6, 2000} Iterations: 162
Date : {13, 6, 2000} Iterations: 163
BaseY: 2000
StartY: 1988
BaseDay: 3
First day of year: 3
The day is: 4
DateGC : {21, 2, 2008} Iterations: 163
BaseY: 2000
StartY: 1988
BaseDay: 3
First day of year: 3
The day is: 4
Date : {13, 6, 2000} Iterations: 163
Date : {14, 6, 2000} Iterations: 164
BaseY: 2000
StartY: 1988
BaseDay: 3
First day of year: 3
The day is: 5
DateGC : {22, 2, 2008} Iterations: 164
BaseY: 2000
StartY: 1988
BaseDay: 3
First day of year: 3
The day is: 5
Date : {14, 6, 2000} Iterations: 164
Date : {15, 6, 2000} Iterations: 165
BaseY: 2000
StartY: 1988
BaseDay: 3
First day of year: 3
The day is: 6
DateGC : {23, 2, 2008} Iterations: 165
BaseY: 2000
StartY: 1988
BaseDay: 3
First day of year: 3
The day is: 6
Date : {15, 6, 2000} Iterations: 165
Date : {16, 6, 2000} Iterations: 166
BaseY: 2000
StartY: 1988
BaseDay: 3
First day of year: 3
The day is: 7
DateGC : {24, 2, 2008} Iterations: 166
BaseY: 2000
StartY: 1988
BaseDay: 3
First day of year: 3
The day is: 7
Date : {16, 6, 2000} Iterations: 166
Date : {17, 6, 2000} Iterations: 167
BaseY: 2000
StartY: 1988
BaseDay: 3
First day of year: 3
The day is: 1
DateGC : {25, 2, 2008} Iterations: 167
BaseY: 2000
StartY: 1988
BaseDay: 3
First day of year: 3
The day is: 1
Date : {17, 6, 2000} Iterations: 167
Date : {18, 6, 2000} Iterations: 168
BaseY: 2000
StartY: 1988
BaseDay: 3
First day of year: 3
The day is: 2
DateGC : {26, 2, 2008} Iterations: 168
BaseY: 2000
StartY: 1988
BaseDay: 3
First day of year: 3
The day is: 2
Date : {18, 6, 2000} Iterations: 168
Date : {19, 6, 2000} Iterations: 169
BaseY: 2000
StartY: 1988
BaseDay: 3
First day of year: 3
The day is: 3
DateGC : {27, 2, 2008} Iterations: 169
BaseY: 2000
StartY: 1988
BaseDay: 3
First day of year: 3
The day is: 3
Date : {19, 6, 2000} Iterations: 169
Date : {20, 6, 2000} Iterations: 170
BaseY: 2000
StartY: 1988
BaseDay: 3
First day of year: 3
The day is: 4
DateGC : {28, 2, 2008} Iterations: 170
BaseY: 2000
StartY: 1988
BaseDay: 3
First day of year: 3
The day is: 4
Date : {20, 6, 2000} Iterations: 170
Date : {21, 6, 2000} Iterations: 171
BaseY: 2000
StartY: 1988
BaseDay: 3
First day of year: 3
The day is: 5
DateGC : {29, 2, 2008} Iterations: 171
BaseY: 2000
StartY: 1988
BaseDay: 3
First day of year: 3
The day is: 5
Date : {21, 6, 2000} Iterations: 171
Date : {22, 6, 2000} Iterations: 172
BaseY: 2000
StartY: 1988
BaseDay: 3
First day of year: 3
The day is: 6
DateGC : {1, 3, 2008} Iterations: 172
BaseY: 2000
StartY: 1988
BaseDay: 3
First day of year: 3
The day is: 6
Date : {22, 6, 2000} Iterations: 172
Date : {23, 6, 2000} Iterations: 173
BaseY: 2000
StartY: 1988
BaseDay: 3
First day of year: 3
The day is: 7
DateGC : {2, 3, 2008} Iterations: 173
BaseY: 2000
StartY: 1988
BaseDay: 3
First day of year: 3
The day is: 7
Date : {23, 6, 2000} Iterations: 173
Date : {24, 6, 2000} Iterations: 174
BaseY: 2000
StartY: 1988
BaseDay: 3
First day of year: 3
The day is: 1
DateGC : {3, 3, 2008} Iterations: 174
BaseY: 2000
StartY: 1988
BaseDay: 3
First day of year: 3
The day is: 1
Date : {24, 6, 2000} Iterations: 174
Date : {25, 6, 2000} Iterations: 175
BaseY: 2000
StartY: 1988
BaseDay: 3
First day of year: 3
The day is: 2
DateGC : {4, 3, 2008} Iterations: 175
BaseY: 2000
StartY: 1988
BaseDay: 3
First day of year: 3
The day is: 2
Date : {25, 6, 2000} Iterations: 175
Date : {26, 6, 2000} Iterations: 176
BaseY: 2000
StartY: 1988
BaseDay: 3
First day of year: 3
The day is: 3
DateGC : {5, 3, 2008} Iterations: 176
BaseY: 2000
StartY: 1988
BaseDay: 3
First day of year: 3
The day is: 3
Date : {26, 6, 2000} Iterations: 176
Date : {27, 6, 2000} Iterations: 177
BaseY: 2000
StartY: 1988
BaseDay: 3
First day of year: 3
The day is: 4
DateGC : {6, 3, 2008} Iterations: 177
BaseY: 2000
StartY: 1988
BaseDay: 3
First day of year: 3
The day is: 4
Date : {27, 6, 2000} Iterations: 177
Date : {28, 6, 2000} Iterations: 178
BaseY: 2000
StartY: 1988
BaseDay: 3
First day of year: 3
The day is: 5
DateGC : {7, 3, 2008} Iterations: 178
BaseY: 2000
StartY: 1988
BaseDay: 3
First day of year: 3
The day is: 5
Date : {28, 6, 2000} Iterations: 178
Date : {29, 6, 2000} Iterations: 179
BaseY: 2000
StartY: 1988
BaseDay: 3
First day of year: 3
The day is: 6
DateGC : {8, 3, 2008} Iterations: 179
BaseY: 2000
StartY: 1988
BaseDay: 3
First day of year: 3
The day is: 6
Date : {29, 6, 2000} Iterations: 179
Date : {30, 6, 2000} Iterations: 180
BaseY: 2000
StartY: 1988
BaseDay: 3
First day of year: 3
The day is: 7
DateGC : {9, 3, 2008} Iterations: 180
BaseY: 2000
StartY: 1988
BaseDay: 3
First day of year: 3
The day is: 7
Date : {30, 6, 2000} Iterations: 180
Date : {1, 7, 2000} Iterations: 181
BaseY: 2000
StartY: 1988
BaseDay: 3
First day of year: 3
The day is: 1
DateGC : {10, 3, 2008} Iterations: 181
BaseY: 2000
StartY: 1988
BaseDay: 3
First day of year: 3
The day is: 1
Date : {1, 7, 2000} Iterations: 181
Date : {2, 7, 2000} Iterations: 182
BaseY: 2000
StartY: 1988
BaseDay: 3
First day of year: 3
The day is: 2
DateGC : {11, 3, 2008} Iterations: 182
BaseY: 2000
StartY: 1988
BaseDay: 3
First day of year: 3
The day is: 2
Date : {2, 7, 2000} Iterations: 182
Date : {3, 7, 2000} Iterations: 183
BaseY: 2000
StartY: 1988
BaseDay: 3
First day of year: 3
The day is: 3
DateGC : {12, 3, 2008} Iterations: 183
BaseY: 2000
StartY: 1988
BaseDay: 3
First day of year: 3
The day is: 3
Date : {3, 7, 2000} Iterations: 183
Date : {4, 7, 2000} Iterations: 184
BaseY: 2000
StartY: 1988
BaseDay: 3
First day of year: 3
The day is: 4
DateGC : {13, 3, 2008} Iterations: 184
BaseY: 2000
StartY: 1988
BaseDay: 3
First day of year: 3
The day is: 4
Date : {4, 7, 2000} Iterations: 184
Date : {5, 7, 2000} Iterations: 185
BaseY: 2000
StartY: 1988
BaseDay: 3
First day of year: 3
The day is: 5
DateGC : {14, 3, 2008} Iterations: 185
BaseY: 2000
StartY: 1988
BaseDay: 3
First day of year: 3
The day is: 5
Date : {5, 7, 2000} Iterations: 185
Date : {6, 7, 2000} Iterations: 186
BaseY: 2000
StartY: 1988
BaseDay: 3
First day of year: 3
The day is: 6
DateGC : {15, 3, 2008} Iterations: 186
BaseY: 2000
StartY: 1988
BaseDay: 3
First day of year: 3
The day is: 6
Date : {6, 7, 2000} Iterations: 186
Date : {7, 7, 2000} Iterations: 187
BaseY: 2000
StartY: 1988
BaseDay: 3
First day of year: 3
The day is: 7
DateGC : {16, 3, 2008} Iterations: 187
BaseY: 2000
StartY: 1988
BaseDay: 3
First day of year: 3
The day is: 7
Date : {7, 7, 2000} Iterations: 187
Date : {8, 7, 2000} Iterations: 188
BaseY: 2000
StartY: 1988
BaseDay: 3
First day of year: 3
The day is: 1
DateGC : {17, 3, 2008} Iterations: 188
BaseY: 2000
StartY: 1988
BaseDay: 3
First day of year: 3
The day is: 1
Date : {8, 7, 2000} Iterations: 188
Date : {9, 7, 2000} Iterations: 189
BaseY: 2000
StartY: 1988
BaseDay: 3
First day of year: 3
The day is: 2
DateGC : {18, 3, 2008} Iterations: 189
BaseY: 2000
StartY: 1988
BaseDay: 3
First day of year: 3
The day is: 2
Date : {9, 7, 2000} Iterations: 189
Date : {10, 7, 2000} Iterations: 190
BaseY: 2000
StartY: 1988
BaseDay: 3
First day of year: 3
The day is: 3
DateGC : {19, 3, 2008} Iterations: 190
BaseY: 2000
StartY: 1988
BaseDay: 3
First day of year: 3
The day is: 3
Date : {10, 7, 2000} Iterations: 190
Date : {11, 7, 2000} Iterations: 191
BaseY: 2000
StartY: 1988
BaseDay: 3
First day of year: 3
The day is: 4
DateGC : {20, 3, 2008} Iterations: 191
BaseY: 2000
StartY: 1988
BaseDay: 3
First day of year: 3
The day is: 4
Date : {11, 7, 2000} Iterations: 191
Date : {12, 7, 2000} Iterations: 192
BaseY: 2000
StartY: 1988
BaseDay: 3
First day of year: 3
The day is: 5
DateGC : {21, 3, 2008} Iterations: 192
BaseY: 2000
StartY: 1988
BaseDay: 3
First day of year: 3
The day is: 5
Date : {12, 7, 2000} Iterations: 192
Date : {13, 7, 2000} Iterations: 193
BaseY: 2000
StartY: 1988
BaseDay: 3
First day of year: 3
The day is: 6
DateGC : {22, 3, 2008} Iterations: 193
BaseY: 2000
StartY: 1988
BaseDay: 3
First day of year: 3
The day is: 6
Date : {13, 7, 2000} Iterations: 193
Date : {14, 7, 2000} Iterations: 194
BaseY: 2000
StartY: 1988
BaseDay: 3
First day of year: 3
The day is: 7
DateGC : {23, 3, 2008} Iterations: 194
BaseY: 2000
StartY: 1988
BaseDay: 3
First day of year: 3
The day is: 7
Date : {14, 7, 2000} Iterations: 194
Date : {15, 7, 2000} Iterations: 195
BaseY: 2000
StartY: 1988
BaseDay: 3
First day of year: 3
The day is: 1
DateGC : {24, 3, 2008} Iterations: 195
BaseY: 2000
StartY: 1988
BaseDay: 3
First day of year: 3
The day is: 1
Date : {15, 7, 2000} Iterations: 195
Date : {16, 7, 2000} Iterations: 196
BaseY: 2000
StartY: 1988
BaseDay: 3
First day of year: 3
The day is: 2
DateGC : {25, 3, 2008} Iterations: 196
BaseY: 2000
StartY: 1988
BaseDay: 3
First day of year: 3
The day is: 2
Date : {16, 7, 2000} Iterations: 196
Date : {17, 7, 2000} Iterations: 197
BaseY: 2000
StartY: 1988
BaseDay: 3
First day of year: 3
The day is: 3
DateGC : {26, 3, 2008} Iterations: 197
BaseY: 2000
StartY: 1988
BaseDay: 3
First day of year: 3
The day is: 3
Date : {17, 7, 2000} Iterations: 197
Date : {18, 7, 2000} Iterations: 198
BaseY: 2000
StartY: 1988
BaseDay: 3
First day of year: 3
The day is: 4
DateGC : {27, 3, 2008} Iterations: 198
BaseY: 2000
StartY: 1988
BaseDay: 3
First day of year: 3
The day is: 4
Date : {18, 7, 2000} Iterations: 198
Date : {19, 7, 2000} Iterations: 199
BaseY: 2000
StartY: 1988
BaseDay: 3
First day of year: 3
The day is: 5
DateGC : {28, 3, 2008} Iterations: 199
BaseY: 2000
StartY: 1988
BaseDay: 3
First day of year: 3
The day is: 5
Date : {19, 7, 2000} Iterations: 199
Date : {20, 7, 2000} Iterations: 200
BaseY: 2000
StartY: 1988
BaseDay: 3
First day of year: 3
The day is: 6
DateGC : {29, 3, 2008} Iterations: 200
BaseY: 2000
StartY: 1988
BaseDay: 3
First day of year: 3
The day is: 6
Date : {20, 7, 2000} Iterations: 200
Date : {21, 7, 2000} Iterations: 201
BaseY: 2000
StartY: 1988
BaseDay: 3
First day of year: 3
The day is: 7
DateGC : {30, 3, 2008} Iterations: 201
BaseY: 2000
StartY: 1988
BaseDay: 3
First day of year: 3
The day is: 7
Date : {21, 7, 2000} Iterations: 201
Date : {22, 7, 2000} Iterations: 202
BaseY: 2000
StartY: 1988
BaseDay: 3
First day of year: 3
The day is: 1
DateGC : {31, 3, 2008} Iterations: 202
BaseY: 2000
StartY: 1988
BaseDay: 3
First day of year: 3
The day is: 1
Date : {22, 7, 2000} Iterations: 202
Date : {23, 7, 2000} Iterations: 203
BaseY: 2000
StartY: 1988
BaseDay: 3
First day of year: 3
The day is: 2
DateGC : {1, 4, 2008} Iterations: 203
BaseY: 2000
StartY: 1988
BaseDay: 3
First day of year: 3
The day is: 2
Date : {23, 7, 2000} Iterations: 203
Date : {24, 7, 2000} Iterations: 204
BaseY: 2000
StartY: 1988
BaseDay: 3
First day of year: 3
The day is: 3
DateGC : {2, 4, 2008} Iterations: 204
BaseY: 2000
StartY: 1988
BaseDay: 3
First day of year: 3
The day is: 3
Date : {24, 7, 2000} Iterations: 204
Date : {25, 7, 2000} Iterations: 205
BaseY: 2000
StartY: 1988
BaseDay: 3
First day of year: 3
The day is: 4
DateGC : {3, 4, 2008} Iterations: 205
BaseY: 2000
StartY: 1988
BaseDay: 3
First day of year: 3
The day is: 4
Date : {25, 7, 2000} Iterations: 205
Date : {26, 7, 2000} Iterations: 206
BaseY: 2000
StartY: 1988
BaseDay: 3
First day of year: 3
The day is: 5
DateGC : {4, 4, 2008} Iterations: 206
BaseY: 2000
StartY: 1988
BaseDay: 3
First day of year: 3
The day is: 5
Date : {26, 7, 2000} Iterations: 206
Date : {27, 7, 2000} Iterations: 207
BaseY: 2000
StartY: 1988
BaseDay: 3
First day of year: 3
The day is: 6
DateGC : {5, 4, 2008} Iterations: 207
BaseY: 2000
StartY: 1988
BaseDay: 3
First day of year: 3
The day is: 6
Date : {27, 7, 2000} Iterations: 207
Date : {28, 7, 2000} Iterations: 208
BaseY: 2000
StartY: 1988
BaseDay: 3
First day of year: 3
The day is: 7
DateGC : {6, 4, 2008} Iterations: 208
BaseY: 2000
StartY: 1988
BaseDay: 3
First day of year: 3
The day is: 7
Date : {28, 7, 2000} Iterations: 208
Date : {29, 7, 2000} Iterations: 209
BaseY: 2000
StartY: 1988
BaseDay: 3
First day of year: 3
The day is: 1
DateGC : {7, 4, 2008} Iterations: 209
BaseY: 2000
StartY: 1988
BaseDay: 3
First day of year: 3
The day is: 1
Date : {29, 7, 2000} Iterations: 209
Date : {30, 7, 2000} Iterations: 210
BaseY: 2000
StartY: 1988
BaseDay: 3
First day of year: 3
The day is: 2
DateGC : {8, 4, 2008} Iterations: 210
BaseY: 2000
StartY: 1988
BaseDay: 3
First day of year: 3
The day is: 2
Date : {30, 7, 2000} Iterations: 210
Date : {1, 8, 2000} Iterations: 211
BaseY: 2000
StartY: 1988
BaseDay: 3
First day of year: 3
The day is: 3
DateGC : {9, 4, 2008} Iterations: 211
BaseY: 2000
StartY: 1988
BaseDay: 3
First day of year: 3
The day is: 3
Date : {1, 8, 2000} Iterations: 211
Date : {2, 8, 2000} Iterations: 212
BaseY: 2000
StartY: 1988
BaseDay: 3
First day of year: 3
The day is: 4
DateGC : {10, 4, 2008} Iterations: 212
BaseY: 2000
StartY: 1988
BaseDay: 3
First day of year: 3
The day is: 4
Date : {2, 8, 2000} Iterations: 212
Date : {3, 8, 2000} Iterations: 213
BaseY: 2000
StartY: 1988
BaseDay: 3
First day of year: 3
The day is: 5
DateGC : {11, 4, 2008} Iterations: 213
BaseY: 2000
StartY: 1988
BaseDay: 3
First day of year: 3
The day is: 5
Date : {3, 8, 2000} Iterations: 213
Date : {4, 8, 2000} Iterations: 214
BaseY: 2000
StartY: 1988
BaseDay: 3
First day of year: 3
The day is: 6
DateGC : {12, 4, 2008} Iterations: 214
BaseY: 2000
StartY: 1988
BaseDay: 3
First day of year: 3
The day is: 6
Date : {4, 8, 2000} Iterations: 214
Date : {5, 8, 2000} Iterations: 215
BaseY: 2000
StartY: 1988
BaseDay: 3
First day of year: 3
The day is: 7
DateGC : {13, 4, 2008} Iterations: 215
BaseY: 2000
StartY: 1988
BaseDay: 3
First day of year: 3
The day is: 7
Date : {5, 8, 2000} Iterations: 215
Date : {6, 8, 2000} Iterations: 216
BaseY: 2000
StartY: 1988
BaseDay: 3
First day of year: 3
The day is: 1
DateGC : {14, 4, 2008} Iterations: 216
BaseY: 2000
StartY: 1988
BaseDay: 3
First day of year: 3
The day is: 1
Date : {6, 8, 2000} Iterations: 216
Date : {7, 8, 2000} Iterations: 217
BaseY: 2000
StartY: 1988
BaseDay: 3
First day of year: 3
The day is: 2
DateGC : {15, 4, 2008} Iterations: 217
BaseY: 2000
StartY: 1988
BaseDay: 3
First day of year: 3
The day is: 2
Date : {7, 8, 2000} Iterations: 217
Date : {8, 8, 2000} Iterations: 218
BaseY: 2000
StartY: 1988
BaseDay: 3
First day of year: 3
The day is: 3
DateGC : {16, 4, 2008} Iterations: 218
BaseY: 2000
StartY: 1988
BaseDay: 3
First day of year: 3
The day is: 3
Date : {8, 8, 2000} Iterations: 218
Date : {9, 8, 2000} Iterations: 219
BaseY: 2000
StartY: 1988
BaseDay: 3
First day of year: 3
The day is: 4
DateGC : {17, 4, 2008} Iterations: 219
BaseY: 2000
StartY: 1988
BaseDay: 3
First day of year: 3
The day is: 4
Date : {9, 8, 2000} Iterations: 219
Date : {10, 8, 2000} Iterations: 220
BaseY: 2000
StartY: 1988
BaseDay: 3
First day of year: 3
The day is: 5
DateGC : {18, 4, 2008} Iterations: 220
BaseY: 2000
StartY: 1988
BaseDay: 3
First day of year: 3
The day is: 5
Date : {10, 8, 2000} Iterations: 220
Date : {11, 8, 2000} Iterations: 221
BaseY: 2000
StartY: 1988
BaseDay: 3
First day of year: 3
The day is: 6
DateGC : {19, 4, 2008} Iterations: 221
BaseY: 2000
StartY: 1988
BaseDay: 3
First day of year: 3
The day is: 6
Date : {11, 8, 2000} Iterations: 221
Date : {12, 8, 2000} Iterations: 222
BaseY: 2000
StartY: 1988
BaseDay: 3
First day of year: 3
The day is: 7
DateGC : {20, 4, 2008} Iterations: 222
BaseY: 2000
StartY: 1988
BaseDay: 3
First day of year: 3
The day is: 7
Date : {12, 8, 2000} Iterations: 222
Date : {13, 8, 2000} Iterations: 223
BaseY: 2000
StartY: 1988
BaseDay: 3
First day of year: 3
The day is: 1
DateGC : {21, 4, 2008} Iterations: 223
BaseY: 2000
StartY: 1988
BaseDay: 3
First day of year: 3
The day is: 1
Date : {13, 8, 2000} Iterations: 223
Date : {14, 8, 2000} Iterations: 224
BaseY: 2000
StartY: 1988
BaseDay: 3
First day of year: 3
The day is: 2
DateGC : {22, 4, 2008} Iterations: 224
BaseY: 2000
StartY: 1988
BaseDay: 3
First day of year: 3
The day is: 2
Date : {14, 8, 2000} Iterations: 224
Date : {15, 8, 2000} Iterations: 225
BaseY: 2000
StartY: 1988
BaseDay: 3
First day of year: 3
The day is: 3
DateGC : {23, 4, 2008} Iterations: 225
BaseY: 2000
StartY: 1988
BaseDay: 3
First day of year: 3
The day is: 3
Date : {15, 8, 2000} Iterations: 225
Date : {16, 8, 2000} Iterations: 226
BaseY: 2000
StartY: 1988
BaseDay: 3
First day of year: 3
The day is: 4
DateGC : {24, 4, 2008} Iterations: 226
BaseY: 2000
StartY: 1988
BaseDay: 3
First day of year: 3
The day is: 4
Date : {16, 8, 2000} Iterations: 226
Date : {17, 8, 2000} Iterations: 227
BaseY: 2000
StartY: 1988
BaseDay: 3
First day of year: 3
The day is: 5
DateGC : {25, 4, 2008} Iterations: 227
BaseY: 2000
StartY: 1988
BaseDay: 3
First day of year: 3
The day is: 5
Date : {17, 8, 2000} Iterations: 227
Date : {18, 8, 2000} Iterations: 228
BaseY: 2000
StartY: 1988
BaseDay: 3
First day of year: 3
The day is: 6
DateGC : {26, 4, 2008} Iterations: 228
BaseY: 2000
StartY: 1988
BaseDay: 3
First day of year: 3
The day is: 6
Date : {18, 8, 2000} Iterations: 228
Date : {19, 8, 2000} Iterations: 229
BaseY: 2000
StartY: 1988
BaseDay: 3
First day of year: 3
The day is: 7
DateGC : {27, 4, 2008} Iterations: 229
BaseY: 2000
StartY: 1988
BaseDay: 3
First day of year: 3
The day is: 7
Date : {19, 8, 2000} Iterations: 229
Date : {20, 8, 2000} Iterations: 230
BaseY: 2000
StartY: 1988
BaseDay: 3
First day of year: 3
The day is: 1
DateGC : {28, 4, 2008} Iterations: 230
BaseY: 2000
StartY: 1988
BaseDay: 3
First day of year: 3
The day is: 1
Date : {20, 8, 2000} Iterations: 230
Date : {21, 8, 2000} Iterations: 231
BaseY: 2000
StartY: 1988
BaseDay: 3
First day of year: 3
The day is: 2
DateGC : {29, 4, 2008} Iterations: 231
BaseY: 2000
StartY: 1988
BaseDay: 3
First day of year: 3
The day is: 2
Date : {21, 8, 2000} Iterations: 231
Date : {22, 8, 2000} Iterations: 232
BaseY: 2000
StartY: 1988
BaseDay: 3
First day of year: 3
The day is: 3
DateGC : {30, 4, 2008} Iterations: 232
BaseY: 2000
StartY: 1988
BaseDay: 3
First day of year: 3
The day is: 3
Date : {22, 8, 2000} Iterations: 232
Date : {23, 8, 2000} Iterations: 233
BaseY: 2000
StartY: 1988
BaseDay: 3
First day of year: 3
The day is: 4
DateGC : {1, 5, 2008} Iterations: 233
BaseY: 2000
StartY: 1988
BaseDay: 3
First day of year: 3
The day is: 4
Date : {23, 8, 2000} Iterations: 233
Date : {24, 8, 2000} Iterations: 234
BaseY: 2000
StartY: 1988
BaseDay: 3
First day of year: 3
The day is: 5
DateGC : {2, 5, 2008} Iterations: 234
BaseY: 2000
StartY: 1988
BaseDay: 3
First day of year: 3
The day is: 5
Date : {24, 8, 2000} Iterations: 234
Date : {25, 8, 2000} Iterations: 235
BaseY: 2000
StartY: 1988
BaseDay: 3
First day of year: 3
The day is: 6
DateGC : {3, 5, 2008} Iterations: 235
BaseY: 2000
StartY: 1988
BaseDay: 3
First day of year: 3
The day is: 6
Date : {25, 8, 2000} Iterations: 235
Date : {26, 8, 2000} Iterations: 236
BaseY: 2000
StartY: 1988
BaseDay: 3
First day of year: 3
The day is: 7
DateGC : {4, 5, 2008} Iterations: 236
BaseY: 2000
StartY: 1988
BaseDay: 3
First day of year: 3
The day is: 7
Date : {26, 8, 2000} Iterations: 236
Date : {27, 8, 2000} Iterations: 237
BaseY: 2000
StartY: 1988
BaseDay: 3
First day of year: 3
The day is: 1
DateGC : {5, 5, 2008} Iterations: 237
BaseY: 2000
StartY: 1988
BaseDay: 3
First day of year: 3
The day is: 1
Date : {27, 8, 2000} Iterations: 237
Date : {28, 8, 2000} Iterations: 238
BaseY: 2000
StartY: 1988
BaseDay: 3
First day of year: 3
The day is: 2
DateGC : {6, 5, 2008} Iterations: 238
BaseY: 2000
StartY: 1988
BaseDay: 3
First day of year: 3
The day is: 2
Date : {28, 8, 2000} Iterations: 238
Date : {29, 8, 2000} Iterations: 239
BaseY: 2000
StartY: 1988
BaseDay: 3
First day of year: 3
The day is: 3
DateGC : {7, 5, 2008} Iterations: 239
BaseY: 2000
StartY: 1988
BaseDay: 3
First day of year: 3
The day is: 3
Date : {29, 8, 2000} Iterations: 239
Date : {30, 8, 2000} Iterations: 240
BaseY: 2000
StartY: 1988
BaseDay: 3
First day of year: 3
The day is: 4
DateGC : {8, 5, 2008} Iterations: 240
BaseY: 2000
StartY: 1988
BaseDay: 3
First day of year: 3
The day is: 4
Date : {30, 8, 2000} Iterations: 240
Date : {1, 9, 2000} Iterations: 241
BaseY: 2000
StartY: 1988
BaseDay: 3
First day of year: 3
The day is: 5
DateGC : {9, 5, 2008} Iterations: 241
BaseY: 2000
StartY: 1988
BaseDay: 3
First day of year: 3
The day is: 5
Date : {1, 9, 2000} Iterations: 241
Date : {2, 9, 2000} Iterations: 242
BaseY: 2000
StartY: 1988
BaseDay: 3
First day of year: 3
The day is: 6
DateGC : {10, 5, 2008} Iterations: 242
BaseY: 2000
StartY: 1988
BaseDay: 3
First day of year: 3
The day is: 6
Date : {2, 9, 2000} Iterations: 242
Date : {3, 9, 2000} Iterations: 243
BaseY: 2000
StartY: 1988
BaseDay: 3
First day of year: 3
The day is: 7
DateGC : {11, 5, 2008} Iterations: 243
BaseY: 2000
StartY: 1988
BaseDay: 3
First day of year: 3
The day is: 7
Date : {3, 9, 2000} Iterations: 243
Date : {4, 9, 2000} Iterations: 244
BaseY: 2000
StartY: 1988
BaseDay: 3
First day of year: 3
The day is: 1
DateGC : {12, 5, 2008} Iterations: 244
BaseY: 2000
StartY: 1988
BaseDay: 3
First day of year: 3
The day is: 1
Date : {4, 9, 2000} Iterations: 244
Date : {5, 9, 2000} Iterations: 245
BaseY: 2000
StartY: 1988
BaseDay: 3
First day of year: 3
The day is: 2
DateGC : {13, 5, 2008} Iterations: 245
BaseY: 2000
StartY: 1988
BaseDay: 3
First day of year: 3
The day is: 2
Date : {5, 9, 2000} Iterations: 245
Date : {6, 9, 2000} Iterations: 246
BaseY: 2000
StartY: 1988
BaseDay: 3
First day of year: 3
The day is: 3
DateGC : {14, 5, 2008} Iterations: 246
BaseY: 2000
StartY: 1988
BaseDay: 3
First day of year: 3
The day is: 3
Date : {6, 9, 2000} Iterations: 246
Date : {7, 9, 2000} Iterations: 247
BaseY: 2000
StartY: 1988
BaseDay: 3
First day of year: 3
The day is: 4
DateGC : {15, 5, 2008} Iterations: 247
BaseY: 2000
StartY: 1988
BaseDay: 3
First day of year: 3
The day is: 4
Date : {7, 9, 2000} Iterations: 247
Date : {8, 9, 2000} Iterations: 248
BaseY: 2000
StartY: 1988
BaseDay: 3
First day of year: 3
The day is: 5
DateGC : {16, 5, 2008} Iterations: 248
BaseY: 2000
StartY: 1988
BaseDay: 3
First day of year: 3
The day is: 5
Date : {8, 9, 2000} Iterations: 248
Date : {9, 9, 2000} Iterations: 249
BaseY: 2000
StartY: 1988
BaseDay: 3
First day of year: 3
The day is: 6
DateGC : {17, 5, 2008} Iterations: 249
BaseY: 2000
StartY: 1988
BaseDay: 3
First day of year: 3
The day is: 6
Date : {9, 9, 2000} Iterations: 249
Date : {10, 9, 2000} Iterations: 250
BaseY: 2000
StartY: 1988
BaseDay: 3
First day of year: 3
The day is: 7
DateGC : {18, 5, 2008} Iterations: 250
BaseY: 2000
StartY: 1988
BaseDay: 3
First day of year: 3
The day is: 7
Date : {10, 9, 2000} Iterations: 250
Date : {11, 9, 2000} Iterations: 251
BaseY: 2000
StartY: 1988
BaseDay: 3
First day of year: 3
The day is: 1
DateGC : {19, 5, 2008} Iterations: 251
BaseY: 2000
StartY: 1988
BaseDay: 3
First day of year: 3
The day is: 1
Date : {11, 9, 2000} Iterations: 251
Date : {12, 9, 2000} Iterations: 252
BaseY: 2000
StartY: 1988
BaseDay: 3
First day of year: 3
The day is: 2
DateGC : {20, 5, 2008} Iterations: 252
BaseY: 2000
StartY: 1988
BaseDay: 3
First day of year: 3
The day is: 2
Date : {12, 9, 2000} Iterations: 252
Date : {13, 9, 2000} Iterations: 253
BaseY: 2000
StartY: 1988
BaseDay: 3
First day of year: 3
The day is: 3
DateGC : {21, 5, 2008} Iterations: 253
BaseY: 2000
StartY: 1988
BaseDay: 3
First day of year: 3
The day is: 3
Date : {13, 9, 2000} Iterations: 253
Date : {14, 9, 2000} Iterations: 254
BaseY: 2000
StartY: 1988
BaseDay: 3
First day of year: 3
The day is: 4
DateGC : {22, 5, 2008} Iterations: 254
BaseY: 2000
StartY: 1988
BaseDay: 3
First day of year: 3
The day is: 4
Date : {14, 9, 2000} Iterations: 254
Date : {15, 9, 2000} Iterations: 255
BaseY: 2000
StartY: 1988
BaseDay: 3
First day of year: 3
The day is: 5
DateGC : {23, 5, 2008} Iterations: 255
BaseY: 2000
StartY: 1988
BaseDay: 3
First day of year: 3
The day is: 5
Date : {15, 9, 2000} Iterations: 255
Date : {16, 9, 2000} Iterations: 256
BaseY: 2000
StartY: 1988
BaseDay: 3
First day of year: 3
The day is: 6
DateGC : {24, 5, 2008} Iterations: 256
BaseY: 2000
StartY: 1988
BaseDay: 3
First day of year: 3
The day is: 6
Date : {16, 9, 2000} Iterations: 256
Date : {17, 9, 2000} Iterations: 257
BaseY: 2000
StartY: 1988
BaseDay: 3
First day of year: 3
The day is: 7
DateGC : {25, 5, 2008} Iterations: 257
BaseY: 2000
StartY: 1988
BaseDay: 3
First day of year: 3
The day is: 7
Date : {17, 9, 2000} Iterations: 257
Date : {18, 9, 2000} Iterations: 258
BaseY: 2000
StartY: 1988
BaseDay: 3
First day of year: 3
The day is: 1
DateGC : {26, 5, 2008} Iterations: 258
BaseY: 2000
StartY: 1988
BaseDay: 3
First day of year: 3
The day is: 1
Date : {18, 9, 2000} Iterations: 258
Date : {19, 9, 2000} Iterations: 259
BaseY: 2000
StartY: 1988
BaseDay: 3
First day of year: 3
The day is: 2
DateGC : {27, 5, 2008} Iterations: 259
BaseY: 2000
StartY: 1988
BaseDay: 3
First day of year: 3
The day is: 2
Date : {19, 9, 2000} Iterations: 259
Date : {20, 9, 2000} Iterations: 260
BaseY: 2000
StartY: 1988
BaseDay: 3
First day of year: 3
The day is: 3
DateGC : {28, 5, 2008} Iterations: 260
BaseY: 2000
StartY: 1988
BaseDay: 3
First day of year: 3
The day is: 3
Date : {20, 9, 2000} Iterations: 260
Date : {21, 9, 2000} Iterations: 261
BaseY: 2000
StartY: 1988
BaseDay: 3
First day of year: 3
The day is: 4
DateGC : {29, 5, 2008} Iterations: 261
BaseY: 2000
StartY: 1988
BaseDay: 3
First day of year: 3
The day is: 4
Date : {21, 9, 2000} Iterations: 261
Date : {22, 9, 2000} Iterations: 262
BaseY: 2000
StartY: 1988
BaseDay: 3
First day of year: 3
The day is: 5
DateGC : {30, 5, 2008} Iterations: 262
BaseY: 2000
StartY: 1988
BaseDay: 3
First day of year: 3
The day is: 5
Date : {22, 9, 2000} Iterations: 262
Date : {23, 9, 2000} Iterations: 263
BaseY: 2000
StartY: 1988
BaseDay: 3
First day of year: 3
The day is: 6
DateGC : {31, 5, 2008} Iterations: 263
BaseY: 2000
StartY: 1988
BaseDay: 3
First day of year: 3
The day is: 6
Date : {23, 9, 2000} Iterations: 263
Date : {24, 9, 2000} Iterations: 264
BaseY: 2000
StartY: 1988
BaseDay: 3
First day of year: 3
The day is: 7
DateGC : {1, 6, 2008} Iterations: 264
BaseY: 2000
StartY: 1988
BaseDay: 3
First day of year: 3
The day is: 7
Date : {24, 9, 2000} Iterations: 264
Date : {25, 9, 2000} Iterations: 265
BaseY: 2000
StartY: 1988
BaseDay: 3
First day of year: 3
The day is: 1
DateGC : {2, 6, 2008} Iterations: 265
BaseY: 2000
StartY: 1988
BaseDay: 3
First day of year: 3
The day is: 1
Date : {25, 9, 2000} Iterations: 265
Date : {26, 9, 2000} Iterations: 266
BaseY: 2000
StartY: 1988
BaseDay: 3
First day of year: 3
The day is: 2
DateGC : {3, 6, 2008} Iterations: 266
BaseY: 2000
StartY: 1988
BaseDay: 3
First day of year: 3
The day is: 2
Date : {26, 9, 2000} Iterations: 266
Date : {27, 9, 2000} Iterations: 267
BaseY: 2000
StartY: 1988
BaseDay: 3
First day of year: 3
The day is: 3
DateGC : {4, 6, 2008} Iterations: 267
BaseY: 2000
StartY: 1988
BaseDay: 3
First day of year: 3
The day is: 3
Date : {27, 9, 2000} Iterations: 267
Date : {28, 9, 2000} Iterations: 268
BaseY: 2000
StartY: 1988
BaseDay: 3
First day of year: 3
The day is: 4
DateGC : {5, 6, 2008} Iterations: 268
BaseY: 2000
StartY: 1988
BaseDay: 3
First day of year: 3
The day is: 4
Date : {28, 9, 2000} Iterations: 268
Date : {29, 9, 2000} Iterations: 269
BaseY: 2000
StartY: 1988
BaseDay: 3
First day of year: 3
The day is: 5
DateGC : {6, 6, 2008} Iterations: 269
BaseY: 2000
StartY: 1988
BaseDay: 3
First day of year: 3
The day is: 5
Date : {29, 9, 2000} Iterations: 269
Date : {30, 9, 2000} Iterations: 270
BaseY: 2000
StartY: 1988
BaseDay: 3
First day of year: 3
The day is: 6
DateGC : {7, 6, 2008} Iterations: 270
BaseY: 2000
StartY: 1988
BaseDay: 3
First day of year: 3
The day is: 6
Date : {30, 9, 2000} Iterations: 270
Date : {1, 10, 2000} Iterations: 271
BaseY: 2000
StartY: 1988
BaseDay: 3
First day of year: 3
The day is: 7
DateGC : {8, 6, 2008} Iterations: 271
BaseY: 2000
StartY: 1988
BaseDay: 3
First day of year: 3
The day is: 7
Date : {1, 10, 2000} Iterations: 271
Date : {2, 10, 2000} Iterations: 272
BaseY: 2000
StartY: 1988
BaseDay: 3
First day of year: 3
The day is: 1
DateGC : {9, 6, 2008} Iterations: 272
BaseY: 2000
StartY: 1988
BaseDay: 3
First day of year: 3
The day is: 1
Date : {2, 10, 2000} Iterations: 272
Date : {3, 10, 2000} Iterations: 273
BaseY: 2000
StartY: 1988
BaseDay: 3
First day of year: 3
The day is: 2
DateGC : {10, 6, 2008} Iterations: 273
BaseY: 2000
StartY: 1988
BaseDay: 3
First day of year: 3
The day is: 2
Date : {3, 10, 2000} Iterations: 273
Date : {4, 10, 2000} Iterations: 274
BaseY: 2000
StartY: 1988
BaseDay: 3
First day of year: 3
The day is: 3
DateGC : {11, 6, 2008} Iterations: 274
BaseY: 2000
StartY: 1988
BaseDay: 3
First day of year: 3
The day is: 3
Date : {4, 10, 2000} Iterations: 274
Date : {5, 10, 2000} Iterations: 275
BaseY: 2000
StartY: 1988
BaseDay: 3
First day of year: 3
The day is: 4
DateGC : {12, 6, 2008} Iterations: 275
BaseY: 2000
StartY: 1988
BaseDay: 3
First day of year: 3
The day is: 4
Date : {5, 10, 2000} Iterations: 275
Date : {6, 10, 2000} Iterations: 276
BaseY: 2000
StartY: 1988
BaseDay: 3
First day of year: 3
The day is: 5
DateGC : {13, 6, 2008} Iterations: 276
BaseY: 2000
StartY: 1988
BaseDay: 3
First day of year: 3
The day is: 5
Date : {6, 10, 2000} Iterations: 276
Date : {7, 10, 2000} Iterations: 277
BaseY: 2000
StartY: 1988
BaseDay: 3
First day of year: 3
The day is: 6
DateGC : {14, 6, 2008} Iterations: 277
BaseY: 2000
StartY: 1988
BaseDay: 3
First day of year: 3
The day is: 6
Date : {7, 10, 2000} Iterations: 277
Date : {8, 10, 2000} Iterations: 278
BaseY: 2000
StartY: 1988
BaseDay: 3
First day of year: 3
The day is: 7
DateGC : {15, 6, 2008} Iterations: 278
BaseY: 2000
StartY: 1988
BaseDay: 3
First day of year: 3
The day is: 7
Date : {8, 10, 2000} Iterations: 278
Date : {9, 10, 2000} Iterations: 279
BaseY: 2000
StartY: 1988
BaseDay: 3
First day of year: 3
The day is: 1
DateGC : {16, 6, 2008} Iterations: 279
BaseY: 2000
StartY: 1988
BaseDay: 3
First day of year: 3
The day is: 1
Date : {9, 10, 2000} Iterations: 279
Date : {10, 10, 2000} Iterations: 280
BaseY: 2000
StartY: 1988
BaseDay: 3
First day of year: 3
The day is: 2
DateGC : {17, 6, 2008} Iterations: 280
BaseY: 2000
StartY: 1988
BaseDay: 3
First day of year: 3
The day is: 2
Date : {10, 10, 2000} Iterations: 280
Date : {11, 10, 2000} Iterations: 281
BaseY: 2000
StartY: 1988
BaseDay: 3
First day of year: 3
The day is: 3
DateGC : {18, 6, 2008} Iterations: 281
BaseY: 2000
StartY: 1988
BaseDay: 3
First day of year: 3
The day is: 3
Date : {11, 10, 2000} Iterations: 281
Date : {12, 10, 2000} Iterations: 282
BaseY: 2000
StartY: 1988
BaseDay: 3
First day of year: 3
The day is: 4
DateGC : {19, 6, 2008} Iterations: 282
BaseY: 2000
StartY: 1988
BaseDay: 3
First day of year: 3
The day is: 4
Date : {12, 10, 2000} Iterations: 282
Date : {13, 10, 2000} Iterations: 283
BaseY: 2000
StartY: 1988
BaseDay: 3
First day of year: 3
The day is: 5
DateGC : {20, 6, 2008} Iterations: 283
BaseY: 2000
StartY: 1988
BaseDay: 3
First day of year: 3
The day is: 5
Date : {13, 10, 2000} Iterations: 283
Date : {14, 10, 2000} Iterations: 284
BaseY: 2000
StartY: 1988
BaseDay: 3
First day of year: 3
The day is: 6
DateGC : {21, 6, 2008} Iterations: 284
BaseY: 2000
StartY: 1988
BaseDay: 3
First day of year: 3
The day is: 6
Date : {14, 10, 2000} Iterations: 284
Date : {15, 10, 2000} Iterations: 285
BaseY: 2000
StartY: 1988
BaseDay: 3
First day of year: 3
The day is: 7
DateGC : {22, 6, 2008} Iterations: 285
BaseY: 2000
StartY: 1988
BaseDay: 3
First day of year: 3
The day is: 7
Date : {15, 10, 2000} Iterations: 285
Date : {16, 10, 2000} Iterations: 286
BaseY: 2000
StartY: 1988
BaseDay: 3
First day of year: 3
The day is: 1
DateGC : {23, 6, 2008} Iterations: 286
BaseY: 2000
StartY: 1988
BaseDay: 3
First day of year: 3
The day is: 1
Date : {16, 10, 2000} Iterations: 286
Date : {17, 10, 2000} Iterations: 287
BaseY: 2000
StartY: 1988
BaseDay: 3
First day of year: 3
The day is: 2
DateGC : {24, 6, 2008} Iterations: 287
BaseY: 2000
StartY: 1988
BaseDay: 3
First day of year: 3
The day is: 2
Date : {17, 10, 2000} Iterations: 287
Date : {18, 10, 2000} Iterations: 288
BaseY: 2000
StartY: 1988
BaseDay: 3
First day of year: 3
The day is: 3
DateGC : {25, 6, 2008} Iterations: 288
BaseY: 2000
StartY: 1988
BaseDay: 3
First day of year: 3
The day is: 3
Date : {18, 10, 2000} Iterations: 288
Date : {19, 10, 2000} Iterations: 289
BaseY: 2000
StartY: 1988
BaseDay: 3
First day of year: 3
The day is: 4
DateGC : {26, 6, 2008} Iterations: 289
BaseY: 2000
StartY: 1988
BaseDay: 3
First day of year: 3
The day is: 4
Date : {19, 10, 2000} Iterations: 289
Date : {20, 10, 2000} Iterations: 290
BaseY: 2000
StartY: 1988
BaseDay: 3
First day of year: 3
The day is: 5
DateGC : {27, 6, 2008} Iterations: 290
BaseY: 2000
StartY: 1988
BaseDay: 3
First day of year: 3
The day is: 5
Date : {20, 10, 2000} Iterations: 290
Date : {21, 10, 2000} Iterations: 291
BaseY: 2000
StartY: 1988
BaseDay: 3
First day of year: 3
The day is: 6
DateGC : {28, 6, 2008} Iterations: 291
BaseY: 2000
StartY: 1988
BaseDay: 3
First day of year: 3
The day is: 6
Date : {21, 10, 2000} Iterations: 291
Date : {22, 10, 2000} Iterations: 292
BaseY: 2000
StartY: 1988
BaseDay: 3
First day of year: 3
The day is: 7
DateGC : {29, 6, 2008} Iterations: 292
BaseY: 2000
StartY: 1988
BaseDay: 3
First day of year: 3
The day is: 7
Date : {22, 10, 2000} Iterations: 292
Date : {23, 10, 2000} Iterations: 293
BaseY: 2000
StartY: 1988
BaseDay: 3
First day of year: 3
The day is: 1
DateGC : {30, 6, 2008} Iterations: 293
BaseY: 2000
StartY: 1988
BaseDay: 3
First day of year: 3
The day is: 1
Date : {23, 10, 2000} Iterations: 293
Date : {24, 10, 2000} Iterations: 294
BaseY: 2000
StartY: 1988
BaseDay: 3
First day of year: 3
The day is: 2
DateGC : {1, 7, 2008} Iterations: 294
BaseY: 2000
StartY: 1988
BaseDay: 3
First day of year: 3
The day is: 2
Date : {24, 10, 2000} Iterations: 294
Date : {25, 10, 2000} Iterations: 295
BaseY: 2000
StartY: 1988
BaseDay: 3
First day of year: 3
The day is: 3
DateGC : {2, 7, 2008} Iterations: 295
BaseY: 2000
StartY: 1988
BaseDay: 3
First day of year: 3
The day is: 3
Date : {25, 10, 2000} Iterations: 295
Date : {26, 10, 2000} Iterations: 296
BaseY: 2000
StartY: 1988
BaseDay: 3
First day of year: 3
The day is: 4
DateGC : {3, 7, 2008} Iterations: 296
BaseY: 2000
StartY: 1988
BaseDay: 3
First day of year: 3
The day is: 4
Date : {26, 10, 2000} Iterations: 296
Date : {27, 10, 2000} Iterations: 297
BaseY: 2000
StartY: 1988
BaseDay: 3
First day of year: 3
The day is: 5
DateGC : {4, 7, 2008} Iterations: 297
BaseY: 2000
StartY: 1988
BaseDay: 3
First day of year: 3
The day is: 5
Date : {27, 10, 2000} Iterations: 297
Date : {28, 10, 2000} Iterations: 298
BaseY: 2000
StartY: 1988
BaseDay: 3
First day of year: 3
The day is: 6
DateGC : {5, 7, 2008} Iterations: 298
BaseY: 2000
StartY: 1988
BaseDay: 3
First day of year: 3
The day is: 6
Date : {28, 10, 2000} Iterations: 298
Date : {29, 10, 2000} Iterations: 299
BaseY: 2000
StartY: 1988
BaseDay: 3
First day of year: 3
The day is: 7
DateGC : {6, 7, 2008} Iterations: 299
BaseY: 2000
StartY: 1988
BaseDay: 3
First day of year: 3
The day is: 7
Date : {29, 10, 2000} Iterations: 299
Date : {30, 10, 2000} Iterations: 300
BaseY: 2000
StartY: 1988
BaseDay: 3
First day of year: 3
The day is: 1
DateGC : {7, 7, 2008} Iterations: 300
BaseY: 2000
StartY: 1988
BaseDay: 3
First day of year: 3
The day is: 1
Date : {30, 10, 2000} Iterations: 300
Date : {1, 11, 2000} Iterations: 301
BaseY: 2000
StartY: 1988
BaseDay: 3
First day of year: 3
The day is: 2
DateGC : {8, 7, 2008} Iterations: 301
BaseY: 2000
StartY: 1988
BaseDay: 3
First day of year: 3
The day is: 2
Date : {1, 11, 2000} Iterations: 301
Date : {2, 11, 2000} Iterations: 302
BaseY: 2000
StartY: 1988
BaseDay: 3
First day of year: 3
The day is: 3
DateGC : {9, 7, 2008} Iterations: 302
BaseY: 2000
StartY: 1988
BaseDay: 3
First day of year: 3
The day is: 3
Date : {2, 11, 2000} Iterations: 302
Date : {3, 11, 2000} Iterations: 303
BaseY: 2000
StartY: 1988
BaseDay: 3
First day of year: 3
The day is: 4
DateGC : {10, 7, 2008} Iterations: 303
BaseY: 2000
StartY: 1988
BaseDay: 3
First day of year: 3
The day is: 4
Date : {3, 11, 2000} Iterations: 303
Date : {4, 11, 2000} Iterations: 304
BaseY: 2000
StartY: 1988
BaseDay: 3
First day of year: 3
The day is: 5
DateGC : {11, 7, 2008} Iterations: 304
BaseY: 2000
StartY: 1988
BaseDay: 3
First day of year: 3
The day is: 5
Date : {4, 11, 2000} Iterations: 304
Date : {5, 11, 2000} Iterations: 305
BaseY: 2000
StartY: 1988
BaseDay: 3
First day of year: 3
The day is: 6
DateGC : {12, 7, 2008} Iterations: 305
BaseY: 2000
StartY: 1988
BaseDay: 3
First day of year: 3
The day is: 6
Date : {5, 11, 2000} Iterations: 305
Date : {6, 11, 2000} Iterations: 306
BaseY: 2000
StartY: 1988
BaseDay: 3
First day of year: 3
The day is: 7
DateGC : {13, 7, 2008} Iterations: 306
BaseY: 2000
StartY: 1988
BaseDay: 3
First day of year: 3
The day is: 7
Date : {6, 11, 2000} Iterations: 306
Date : {7, 11, 2000} Iterations: 307
BaseY: 2000
StartY: 1988
BaseDay: 3
First day of year: 3
The day is: 1
DateGC : {14, 7, 2008} Iterations: 307
BaseY: 2000
StartY: 1988
BaseDay: 3
First day of year: 3
The day is: 1
Date : {7, 11, 2000} Iterations: 307
Date : {8, 11, 2000} Iterations: 308
BaseY: 2000
StartY: 1988
BaseDay: 3
First day of year: 3
The day is: 2
DateGC : {15, 7, 2008} Iterations: 308
BaseY: 2000
StartY: 1988
BaseDay: 3
First day of year: 3
The day is: 2
Date : {8, 11, 2000} Iterations: 308
Date : {9, 11, 2000} Iterations: 309
BaseY: 2000
StartY: 1988
BaseDay: 3
First day of year: 3
The day is: 3
DateGC : {16, 7, 2008} Iterations: 309
BaseY: 2000
StartY: 1988
BaseDay: 3
First day of year: 3
The day is: 3
Date : {9, 11, 2000} Iterations: 309
Date : {10, 11, 2000} Iterations: 310
BaseY: 2000
StartY: 1988
BaseDay: 3
First day of year: 3
The day is: 4
DateGC : {17, 7, 2008} Iterations: 310
BaseY: 2000
StartY: 1988
BaseDay: 3
First day of year: 3
The day is: 4
Date : {10, 11, 2000} Iterations: 310
[...]
DateGC : {27, 6, 2014} Iterations: 2481
BaseY: 2004
StartY: 1988
BaseDay: 1
First day of year: 3
The day is: 5
Date : {20, 10, 2006} Iterations: 2481
Date : {21, 10, 2006} Iterations: 2482
BaseY: 2004
StartY: 1988
BaseDay: 1
First day of year: 3
The day is: 6
DateGC : {28, 6, 2014} Iterations: 2482
BaseY: 2004
StartY: 1988
BaseDay: 1
First day of year: 3
The day is: 6
Date : {21, 10, 2006} Iterations: 2482
Date : {22, 10, 2006} Iterations: 2483
BaseY: 2004
StartY: 1988
BaseDay: 1
First day of year: 3
The day is: 7
DateGC : {29, 6, 2014} Iterations: 2483
BaseY: 2004
StartY: 1988
BaseDay: 1
First day of year: 3
The day is: 7
Date : {22, 10, 2006} Iterations: 2483
Date : {23, 10, 2006} Iterations: 2484
BaseY: 2004
StartY: 1988
BaseDay: 1
First day of year: 3
The day is: 1
DateGC : {30, 6, 2014} Iterations: 2484
BaseY: 2004
StartY: 1988
BaseDay: 1
First day of year: 3
The day is: 1
Date : {23, 10, 2006} Iterations: 2484
Date : {24, 10, 2006} Iterations: 2485
BaseY: 2004
StartY: 1988
BaseDay: 1
First day of year: 3
The day is: 2
DateGC : {1, 7, 2014} Iterations: 2485
BaseY: 2004
StartY: 1988
BaseDay: 1
First day of year: 3
The day is: 2
Date : {24, 10, 2006} Iterations: 2485
Date : {25, 10, 2006} Iterations: 2486
BaseY: 2004
StartY: 1988
BaseDay: 1
First day of year: 3
The day is: 3
DateGC : {2, 7, 2014} Iterations: 2486
BaseY: 2004
StartY: 1988
BaseDay: 1
First day of year: 3
The day is: 3
Date : {25, 10, 2006} Iterations: 2486
Date : {26, 10, 2006} Iterations: 2487
BaseY: 2004
StartY: 1988
BaseDay: 1
First day of year: 3
The day is: 4
DateGC : {3, 7, 2014} Iterations: 2487
BaseY: 2004
StartY: 1988
BaseDay: 1
First day of year: 3
The day is: 4
Date : {26, 10, 2006} Iterations: 2487
Date : {27, 10, 2006} Iterations: 2488
BaseY: 2004
StartY: 1988
BaseDay: 1
First day of year: 3
The day is: 5
DateGC : {4, 7, 2014} Iterations: 2488
BaseY: 2004
StartY: 1988
BaseDay: 1
First day of year: 3
The day is: 5
Date : {27, 10, 2006} Iterations: 2488
Date : {28, 10, 2006} Iterations: 2489
BaseY: 2004
StartY: 1988
BaseDay: 1
First day of year: 3
The day is: 6
DateGC : {5, 7, 2014} Iterations: 2489
BaseY: 2004
StartY: 1988
BaseDay: 1
First day of year: 3
The day is: 6
Date : {28, 10, 2006} Iterations: 2489
Date : {29, 10, 2006} Iterations: 2490
BaseY: 2004
StartY: 1988
BaseDay: 1
First day of year: 3
The day is: 7
DateGC : {6, 7, 2014} Iterations: 2490
BaseY: 2004
StartY: 1988
BaseDay: 1
First day of year: 3
The day is: 7
Date : {29, 10, 2006} Iterations: 2490
Date : {30, 10, 2006} Iterations: 2491
BaseY: 2004
StartY: 1988
BaseDay: 1
First day of year: 3
The day is: 1
DateGC : {7, 7, 2014} Iterations: 2491
BaseY: 2004
StartY: 1988
BaseDay: 1
First day of year: 3
The day is: 1
Date : {30, 10, 2006} Iterations: 2491
Date : {1, 11, 2006} Iterations: 2492
BaseY: 2004
StartY: 1988
BaseDay: 1
First day of year: 3
The day is: 2
DateGC : {8, 7, 2014} Iterations: 2492
BaseY: 2004
StartY: 1988
BaseDay: 1
First day of year: 3
The day is: 2
Date : {1, 11, 2006} Iterations: 2492
Date : {2, 11, 2006} Iterations: 2493
BaseY: 2004
StartY: 1988
BaseDay: 1
First day of year: 3
The day is: 3
DateGC : {9, 7, 2014} Iterations: 2493
BaseY: 2004
StartY: 1988
BaseDay: 1
First day of year: 3
The day is: 3
Date : {2, 11, 2006} Iterations: 2493
Date : {3, 11, 2006} Iterations: 2494
BaseY: 2004
StartY: 1988
BaseDay: 1
First day of year: 3
The day is: 4
DateGC : {10, 7, 2014} Iterations: 2494
BaseY: 2004
StartY: 1988
BaseDay: 1
First day of year: 3
The day is: 4
Date : {3, 11, 2006} Iterations: 2494
Date : {4, 11, 2006} Iterations: 2495
BaseY: 2004
StartY: 1988
BaseDay: 1
First day of year: 3
The day is: 5
DateGC : {11, 7, 2014} Iterations: 2495
BaseY: 2004
StartY: 1988
BaseDay: 1
First day of year: 3
The day is: 5
Date : {4, 11, 2006} Iterations: 2495
Date : {5, 11, 2006} Iterations: 2496
BaseY: 2004
StartY: 1988
BaseDay: 1
First day of year: 3
The day is: 6
DateGC : {12, 7, 2014} Iterations: 2496
BaseY: 2004
StartY: 1988
BaseDay: 1
First day of year: 3
The day is: 6
Date : {5, 11, 2006} Iterations: 2496
Date : {6, 11, 2006} Iterations: 2497
BaseY: 2004
StartY: 1988
BaseDay: 1
First day of year: 3
The day is: 7
DateGC : {13, 7, 2014} Iterations: 2497
BaseY: 2004
StartY: 1988
BaseDay: 1
First day of year: 3
The day is: 7
Date : {6, 11, 2006} Iterations: 2497
Date : {7, 11, 2006} Iterations: 2498
BaseY: 2004
StartY: 1988
BaseDay: 1
First day of year: 3
The day is: 1
DateGC : {14, 7, 2014} Iterations: 2498
BaseY: 2004
StartY: 1988
BaseDay: 1
First day of year: 3
The day is: 1
Date : {7, 11, 2006} Iterations: 2498
Date : {8, 11, 2006} Iterations: 2499
BaseY: 2004
StartY: 1988
BaseDay: 1
First day of year: 3
The day is: 2
DateGC : {15, 7, 2014} Iterations: 2499
BaseY: 2004
StartY: 1988
BaseDay: 1
First day of year: 3
The day is: 2
Date : {8, 11, 2006} Iterations: 2499
Date : {9, 11, 2006} Iterations: 2500
BaseY: 2004
StartY: 1988
BaseDay: 1
First day of year: 3
The day is: 3
DateGC : {16, 7, 2014} Iterations: 2500
BaseY: 2004
StartY: 1988
BaseDay: 1
First day of year: 3
The day is: 3
Date : {9, 11, 2006} Iterations: 2500
Date : {10, 11, 2006} Iterations: 2501
BaseY: 2004
StartY: 1988
BaseDay: 1
First day of year: 3
The day is: 4
DateGC : {17, 7, 2014} Iterations: 2501
BaseY: 2004
StartY: 1988
BaseDay: 1
First day of year: 3
The day is: 4
Date : {10, 11, 2006} Iterations: 2501
Date : {11, 11, 2006} Iterations: 2502
BaseY: 2004
StartY: 1988
BaseDay: 1
First day of year: 3
The day is: 5
DateGC : {18, 7, 2014} Iterations: 2502
BaseY: 2004
StartY: 1988
BaseDay: 1
First day of year: 3
The day is: 5
Date : {11, 11, 2006} Iterations: 2502
Date : {12, 11, 2006} Iterations: 2503
BaseY: 2004
StartY: 1988
BaseDay: 1
First day of year: 3
The day is: 6
DateGC : {19, 7, 2014} Iterations: 2503
BaseY: 2004
StartY: 1988
BaseDay: 1
First day of year: 3
The day is: 6
Date : {12, 11, 2006} Iterations: 2503
Date : {13, 11, 2006} Iterations: 2504
BaseY: 2004
StartY: 1988
BaseDay: 1
First day of year: 3
The day is: 7
DateGC : {20, 7, 2014} Iterations: 2504
BaseY: 2004
StartY: 1988
BaseDay: 1
First day of year: 3
The day is: 7
Date : {13, 11, 2006} Iterations: 2504
Date : {14, 11, 2006} Iterations: 2505
BaseY: 2004
StartY: 1988
BaseDay: 1
First day of year: 3
The day is: 1
DateGC : {21, 7, 2014} Iterations: 2505
BaseY: 2004
StartY: 1988
BaseDay: 1
First day of year: 3
The day is: 1
Date : {14, 11, 2006} Iterations: 2505
Date : {15, 11, 2006} Iterations: 2506
BaseY: 2004
StartY: 1988
BaseDay: 1
First day of year: 3
The day is: 2
DateGC : {22, 7, 2014} Iterations: 2506
BaseY: 2004
StartY: 1988
BaseDay: 1
First day of year: 3
The day is: 2
Date : {15, 11, 2006} Iterations: 2506
Date : {16, 11, 2006} Iterations: 2507
BaseY: 2004
StartY: 1988
BaseDay: 1
First day of year: 3
The day is: 3
DateGC : {23, 7, 2014} Iterations: 2507
BaseY: 2004
StartY: 1988
BaseDay: 1
First day of year: 3
The day is: 3
Date : {16, 11, 2006} Iterations: 2507
Date : {17, 11, 2006} Iterations: 2508
BaseY: 2004
StartY: 1988
BaseDay: 1
First day of year: 3
The day is: 4
DateGC : {24, 7, 2014} Iterations: 2508
BaseY: 2004
StartY: 1988
BaseDay: 1
First day of year: 3
The day is: 4
Date : {17, 11, 2006} Iterations: 2508
Date : {18, 11, 2006} Iterations: 2509
BaseY: 2004
StartY: 1988
BaseDay: 1
First day of year: 3
The day is: 5
DateGC : {25, 7, 2014} Iterations: 2509
BaseY: 2004
StartY: 1988
BaseDay: 1
First day of year: 3
The day is: 5
Date : {18, 11, 2006} Iterations: 2509
Date : {19, 11, 2006} Iterations: 2510
BaseY: 2004
StartY: 1988
BaseDay: 1
First day of year: 3
The day is: 6
DateGC : {26, 7, 2014} Iterations: 2510
BaseY: 2004
StartY: 1988
BaseDay: 1
First day of year: 3
The day is: 6
Date : {19, 11, 2006} Iterations: 2510
Date : {20, 11, 2006} Iterations: 2511
BaseY: 2004
StartY: 1988
BaseDay: 1
First day of year: 3
The day is: 7
DateGC : {27, 7, 2014} Iterations: 2511
BaseY: 2004
StartY: 1988
BaseDay: 1
First day of year: 3
The day is: 7
Date : {20, 11, 2006} Iterations: 2511
Date : {21, 11, 2006} Iterations: 2512
BaseY: 2004
StartY: 1988
BaseDay: 1
First day of year: 3
The day is: 1
DateGC : {28, 7, 2014} Iterations: 2512
BaseY: 2004
StartY: 1988
BaseDay: 1
First day of year: 3
The day is: 1
Date : {21, 11, 2006} Iterations: 2512
Date : {22, 11, 2006} Iterations: 2513
BaseY: 2004
StartY: 1988
BaseDay: 1
First day of year: 3
The day is: 2
DateGC : {29, 7, 2014} Iterations: 2513
BaseY: 2004
StartY: 1988
BaseDay: 1
First day of year: 3
The day is: 2
Date : {22, 11, 2006} Iterations: 2513
Date : {23, 11, 2006} Iterations: 2514
BaseY: 2004
StartY: 1988
BaseDay: 1
First day of year: 3
The day is: 3
DateGC : {30, 7, 2014} Iterations: 2514
BaseY: 2004
StartY: 1988
BaseDay: 1
First day of year: 3
The day is: 3
Date : {23, 11, 2006} Iterations: 2514
Date : {24, 11, 2006} Iterations: 2515
BaseY: 2004
StartY: 1988
BaseDay: 1
First day of year: 3
The day is: 4
DateGC : {31, 7, 2014} Iterations: 2515
BaseY: 2004
StartY: 1988
BaseDay: 1
First day of year: 3
The day is: 4
Date : {24, 11, 2006} Iterations: 2515
Date : {25, 11, 2006} Iterations: 2516
BaseY: 2004
StartY: 1988
BaseDay: 1
First day of year: 3
The day is: 5
DateGC : {1, 8, 2014} Iterations: 2516
BaseY: 2004
StartY: 1988
BaseDay: 1
First day of year: 3
The day is: 5
Date : {25, 11, 2006} Iterations: 2516
Date : {26, 11, 2006} Iterations: 2517
BaseY: 2004
StartY: 1988
BaseDay: 1
First day of year: 3
The day is: 6
DateGC : {2, 8, 2014} Iterations: 2517
BaseY: 2004
StartY: 1988
BaseDay: 1
First day of year: 3
The day is: 6
Date : {26, 11, 2006} Iterations: 2517
Date : {27, 11, 2006} Iterations: 2518
BaseY: 2004
StartY: 1988
BaseDay: 1
First day of year: 3
The day is: 7
DateGC : {3, 8, 2014} Iterations: 2518
BaseY: 2004
StartY: 1988
BaseDay: 1
First day of year: 3
The day is: 7
Date : {27, 11, 2006} Iterations: 2518
Date : {28, 11, 2006} Iterations: 2519
BaseY: 2004
StartY: 1988
BaseDay: 1
First day of year: 3
The day is: 1
DateGC : {4, 8, 2014} Iterations: 2519
BaseY: 2004
StartY: 1988
BaseDay: 1
First day of year: 3
The day is: 1
Date : {28, 11, 2006} Iterations: 2519
Date : {29, 11, 2006} Iterations: 2520
BaseY: 2004
StartY: 1988
BaseDay: 1
First day of year: 3
The day is: 2
DateGC : {5, 8, 2014} Iterations: 2520
BaseY: 2004
StartY: 1988
BaseDay: 1
First day of year: 3
The day is: 2
Date : {29, 11, 2006} Iterations: 2520
Date : {30, 11, 2006} Iterations: 2521
BaseY: 2004
StartY: 1988
BaseDay: 1
First day of year: 3
The day is: 3
DateGC : {6, 8, 2014} Iterations: 2521
BaseY: 2004
StartY: 1988
BaseDay: 1
First day of year: 3
The day is: 3
Date : {30, 11, 2006} Iterations: 2521
Date : {1, 12, 2006} Iterations: 2522
BaseY: 2004
StartY: 1988
BaseDay: 1
First day of year: 3
The day is: 4
DateGC : {7, 8, 2014} Iterations: 2522
BaseY: 2004
StartY: 1988
BaseDay: 1
First day of year: 3
The day is: 4
Date : {1, 12, 2006} Iterations: 2522
Date : {2, 12, 2006} Iterations: 2523
BaseY: 2004
StartY: 1988
BaseDay: 1
First day of year: 3
The day is: 5
DateGC : {8, 8, 2014} Iterations: 2523
BaseY: 2004
StartY: 1988
BaseDay: 1
First day of year: 3
The day is: 5
Date : {2, 12, 2006} Iterations: 2523
Date : {3, 12, 2006} Iterations: 2524
BaseY: 2004
StartY: 1988
BaseDay: 1
First day of year: 3
The day is: 6
DateGC : {9, 8, 2014} Iterations: 2524
BaseY: 2004
StartY: 1988
BaseDay: 1
First day of year: 3
The day is: 6
Date : {3, 12, 2006} Iterations: 2524
Date : {4, 12, 2006} Iterations: 2525
BaseY: 2004
StartY: 1988
BaseDay: 1
First day of year: 3
The day is: 7
DateGC : {10, 8, 2014} Iterations: 2525
BaseY: 2004
StartY: 1988
BaseDay: 1
First day of year: 3
The day is: 7
Date : {4, 12, 2006} Iterations: 2525
Date : {5, 12, 2006} Iterations: 2526
BaseY: 2004
StartY: 1988
BaseDay: 1
First day of year: 3
The day is: 1
DateGC : {11, 8, 2014} Iterations: 2526
BaseY: 2004
StartY: 1988
BaseDay: 1
First day of year: 3
The day is: 1
Date : {5, 12, 2006} Iterations: 2526
Date : {6, 12, 2006} Iterations: 2527
BaseY: 2004
StartY: 1988
BaseDay: 1
First day of year: 3
The day is: 2
DateGC : {12, 8, 2014} Iterations: 2527
BaseY: 2004
StartY: 1988
BaseDay: 1
First day of year: 3
The day is: 2
Date : {6, 12, 2006} Iterations: 2527
Date : {7, 12, 2006} Iterations: 2528
BaseY: 2004
StartY: 1988
BaseDay: 1
First day of year: 3
The day is: 3
DateGC : {13, 8, 2014} Iterations: 2528
BaseY: 2004
StartY: 1988
BaseDay: 1
First day of year: 3
The day is: 3
Date : {7, 12, 2006} Iterations: 2528
Date : {8, 12, 2006} Iterations: 2529
BaseY: 2004
StartY: 1988
BaseDay: 1
First day of year: 3
The day is: 4
DateGC : {14, 8, 2014} Iterations: 2529
BaseY: 2004
StartY: 1988
BaseDay: 1
First day of year: 3
The day is: 4
Date : {8, 12, 2006} Iterations: 2529
Date : {9, 12, 2006} Iterations: 2530
BaseY: 2004
StartY: 1988
BaseDay: 1
First day of year: 3
The day is: 5
DateGC : {15, 8, 2014} Iterations: 2530
BaseY: 2004
StartY: 1988
BaseDay: 1
First day of year: 3
The day is: 5
Date : {9, 12, 2006} Iterations: 2530
Date : {10, 12, 2006} Iterations: 2531
BaseY: 2004
StartY: 1988
BaseDay: 1
First day of year: 3
The day is: 6
DateGC : {16, 8, 2014} Iterations: 2531
BaseY: 2004
StartY: 1988
BaseDay: 1
First day of year: 3
The day is: 6
Date : {10, 12, 2006} Iterations: 2531
Date : {11, 12, 2006} Iterations: 2532
BaseY: 2004
StartY: 1988
BaseDay: 1
First day of year: 3
The day is: 7
DateGC : {17, 8, 2014} Iterations: 2532
BaseY: 2004
StartY: 1988
BaseDay: 1
First day of year: 3
The day is: 7
Date : {11, 12, 2006} Iterations: 2532
Date : {12, 12, 2006} Iterations: 2533
BaseY: 2004
StartY: 1988
BaseDay: 1
First day of year: 3
The day is: 1
DateGC : {18, 8, 2014} Iterations: 2533
BaseY: 2004
StartY: 1988
BaseDay: 1
First day of year: 3
The day is: 1
Date : {12, 12, 2006} Iterations: 2533
Date : {13, 12, 2006} Iterations: 2534
BaseY: 2004
StartY: 1988
BaseDay: 1
First day of year: 3
The day is: 2
DateGC : {19, 8, 2014} Iterations: 2534
BaseY: 2004
StartY: 1988
BaseDay: 1
First day of year: 3
The day is: 2
Date : {13, 12, 2006} Iterations: 2534
Date : {14, 12, 2006} Iterations: 2535
BaseY: 2004
StartY: 1988
BaseDay: 1
First day of year: 3
The day is: 3
DateGC : {20, 8, 2014} Iterations: 2535
BaseY: 2004
StartY: 1988
BaseDay: 1
First day of year: 3
The day is: 3
Date : {14, 12, 2006} Iterations: 2535
Date : {15, 12, 2006} Iterations: 2536
BaseY: 2004
StartY: 1988
BaseDay: 1
First day of year: 3
The day is: 4
DateGC : {21, 8, 2014} Iterations: 2536
BaseY: 2004
StartY: 1988
BaseDay: 1
First day of year: 3
The day is: 4
Date : {15, 12, 2006} Iterations: 2536
Date : {16, 12, 2006} Iterations: 2537
BaseY: 2004
StartY: 1988
BaseDay: 1
First day of year: 3
The day is: 5
DateGC : {22, 8, 2014} Iterations: 2537
BaseY: 2004
StartY: 1988
BaseDay: 1
First day of year: 3
The day is: 5
Date : {16, 12, 2006} Iterations: 2537
Date : {17, 12, 2006} Iterations: 2538
BaseY: 2004
StartY: 1988
BaseDay: 1
First day of year: 3
The day is: 6
DateGC : {23, 8, 2014} Iterations: 2538
BaseY: 2004
StartY: 1988
BaseDay: 1
First day of year: 3
The day is: 6
Date : {17, 12, 2006} Iterations: 2538
Date : {18, 12, 2006} Iterations: 2539
BaseY: 2004
StartY: 1988
BaseDay: 1
First day of year: 3
The day is: 7
DateGC : {24, 8, 2014} Iterations: 2539
BaseY: 2004
StartY: 1988
BaseDay: 1
First day of year: 3
The day is: 7
Date : {18, 12, 2006} Iterations: 2539
Date : {19, 12, 2006} Iterations: 2540
BaseY: 2004
StartY: 1988
BaseDay: 1
First day of year: 3
The day is: 1
DateGC : {25, 8, 2014} Iterations: 2540
BaseY: 2004
StartY: 1988
BaseDay: 1
First day of year: 3
The day is: 1
Date : {19, 12, 2006} Iterations: 2540
Date : {20, 12, 2006} Iterations: 2541
BaseY: 2004
StartY: 1988
BaseDay: 1
First day of year: 3
The day is: 2
DateGC : {26, 8, 2014} Iterations: 2541
BaseY: 2004
StartY: 1988
BaseDay: 1
First day of year: 3
The day is: 2
Date : {20, 12, 2006} Iterations: 2541
Date : {21, 12, 2006} Iterations: 2542
BaseY: 2004
StartY: 1988
BaseDay: 1
First day of year: 3
The day is: 3
DateGC : {27, 8, 2014} Iterations: 2542
BaseY: 2004
StartY: 1988
BaseDay: 1
First day of year: 3
The day is: 3
Date : {21, 12, 2006} Iterations: 2542
Date : {22, 12, 2006} Iterations: 2543
BaseY: 2004
StartY: 1988
BaseDay: 1
First day of year: 3
The day is: 4
DateGC : {28, 8, 2014} Iterations: 2543
BaseY: 2004
StartY: 1988
BaseDay: 1
First day of year: 3
The day is: 4
Date : {22, 12, 2006} Iterations: 2543
Date : {23, 12, 2006} Iterations: 2544
BaseY: 2004
StartY: 1988
BaseDay: 1
First day of year: 3
The day is: 5
DateGC : {29, 8, 2014} Iterations: 2544
BaseY: 2004
StartY: 1988
BaseDay: 1
First day of year: 3
The day is: 5
Date : {23, 12, 2006} Iterations: 2544
Date : {24, 12, 2006} Iterations: 2545
BaseY: 2004
StartY: 1988
BaseDay: 1
First day of year: 3
The day is: 6
DateGC : {30, 8, 2014} Iterations: 2545
BaseY: 2004
StartY: 1988
BaseDay: 1
First day of year: 3
The day is: 6
Date : {24, 12, 2006} Iterations: 2545
Date : {25, 12, 2006} Iterations: 2546
BaseY: 2004
StartY: 1988
BaseDay: 1
First day of year: 3
The day is: 7
DateGC : {31, 8, 2014} Iterations: 2546
BaseY: 2004
StartY: 1988
BaseDay: 1
First day of year: 3
The day is: 7
Date : {25, 12, 2006} Iterations: 2546
Date : {26, 12, 2006} Iterations: 2547
BaseY: 2004
StartY: 1988
BaseDay: 1
First day of year: 3
The day is: 1
DateGC : {1, 9, 2014} Iterations: 2547
BaseY: 2004
StartY: 1988
BaseDay: 1
First day of year: 3
The day is: 1
Date : {26, 12, 2006} Iterations: 2547
Date : {27, 12, 2006} Iterations: 2548
BaseY: 2004
StartY: 1988
BaseDay: 1
First day of year: 3
The day is: 2
DateGC : {2, 9, 2014} Iterations: 2548
BaseY: 2004
StartY: 1988
BaseDay: 1
First day of year: 3
The day is: 2
Date : {27, 12, 2006} Iterations: 2548
Date : {28, 12, 2006} Iterations: 2549
BaseY: 2004
StartY: 1988
BaseDay: 1
First day of year: 3
The day is: 3
DateGC : {3, 9, 2014} Iterations: 2549
BaseY: 2004
StartY: 1988
BaseDay: 1
First day of year: 3
The day is: 3
Date : {28, 12, 2006} Iterations: 2549
Date : {29, 12, 2006} Iterations: 2550
BaseY: 2004
StartY: 1988
BaseDay: 1
First day of year: 3
The day is: 4
DateGC : {4, 9, 2014} Iterations: 2550
BaseY: 2004
StartY: 1988
BaseDay: 1
First day of year: 3
The day is: 4
Date : {29, 12, 2006} Iterations: 2550
Date : {30, 12, 2006} Iterations: 2551
BaseY: 2004
StartY: 1988
BaseDay: 1
First day of year: 3
The day is: 5
DateGC : {5, 9, 2014} Iterations: 2551
BaseY: 2004
StartY: 1988
BaseDay: 1
First day of year: 3
The day is: 5
Date : {30, 12, 2006} Iterations: 2551
Date : {1, 13, 2006} Iterations: 2552
BaseY: 2004
StartY: 1988
BaseDay: 1
First day of year: 3
The day is: 6
DateGC : {6, 9, 2014} Iterations: 2552
BaseY: 2004
StartY: 1988
BaseDay: 1
First day of year: 3
The day is: 6
Date : {1, 13, 2006} Iterations: 2552
Date : {2, 13, 2006} Iterations: 2553
BaseY: 2004
StartY: 1988
BaseDay: 1
First day of year: 3
The day is: 7
DateGC : {7, 9, 2014} Iterations: 2553
BaseY: 2004
StartY: 1988
BaseDay: 1
First day of year: 3
The day is: 7
Date : {2, 13, 2006} Iterations: 2553
Date : {3, 13, 2006} Iterations: 2554
BaseY: 2004
StartY: 1988
BaseDay: 1
First day of year: 3
The day is: 1
DateGC : {8, 9, 2014} Iterations: 2554
BaseY: 2004
StartY: 1988
BaseDay: 1
First day of year: 3
The day is: 1
Date : {3, 13, 2006} Iterations: 2554
Date : {4, 13, 2006} Iterations: 2555
BaseY: 2004
StartY: 1988
BaseDay: 1
First day of year: 3
The day is: 2
DateGC : {9, 9, 2014} Iterations: 2555
BaseY: 2004
StartY: 1988
BaseDay: 1
First day of year: 3
The day is: 2
Date : {4, 13, 2006} Iterations: 2555
Date : {5, 13, 2006} Iterations: 2556
BaseY: 2004
StartY: 1988
BaseDay: 1
First day of year: 3
The day is: 3
DateGC : {10, 9, 2014} Iterations: 2556
BaseY: 2004
StartY: 1988
BaseDay: 1
First day of year: 3
The day is: 3
Date : {5, 13, 2006} Iterations: 2556
]]></system-out>
  </testcase>
  <testcase name="convertToDayOfWeek" classname="com.calendarConverter.service.ConvertDateTest" time="0.002">
    <system-out><![CDATA[Bean: com.calendarConverter.service.ConvertDateTest.ORIGINAL initialized...
This the setUp method and this is the Date : {5, 13, 2006}
true
BaseY: 2016
StartY: 2016
BaseDay: 2
First day of year: 2
The day is: 2
]]></system-out>
  </testcase>
</testsuite>