<?xml version="1.0" encoding="UTF-8"?>
<testsuite xmlns:xsi="http://www.w3.org/2001/XMLSchema-instance" xsi:noNamespaceSchemaLocation="https://maven.apache.org/surefire/maven-surefire-plugin/xsd/surefire-test-report-3.0.xsd" version="3.0" name="com.calendarConverter.utility.UtilityTest" time="0.014" tests="3" errors="0" skipped="0" failures="0">
  <properties>
[...]
</properties>
  <testcase name="checkECExceptionDates" classname="com.calendarConverter.utility.UtilityTest" time="0.003">
    <system-out><![CDATA[Bean: com.calendarConverter.utility.UtilityTest.ORIGINAL initialized...
Date : {6, 13, 2003} Iterations: 0
Date : {1, 1, 2004} Iterations: 1
Date : {2, 1, 2004} Iterations: 2
Date : {3, 1, 2004} Iterations: 3
Date : {4, 1, 2004} Iterations: 4
Date : {5, 1, 2004} Iterations: 5
Date : {6, 1, 2004} Iterations: 6
Date : {7, 1, 2004} Iterations: 7
Date : {8, 1, 2004} Iterations: 8
Date : {9, 1, 2004} Iterations: 9
Date : {10, 1, 2004} Iterations: 10
Date : {11, 1, 2004} Iterations: 11
Date : {12, 1, 2004} Iterations: 12
Date : {13, 1, 2004} Iterations: 13
Date : {14, 1, 2004} Iterations: 14
Date : {15, 1, 2004} Iterations: 15
Date : {16, 1, 2004} Iterations: 16
Date : {17, 1, 2004} Iterations: 17
Date : {18, 1, 2004} Iterations: 18
Date : {19, 1, 2004} Iterations: 19
Date : {20, 1, 2004} Iterations: 20
Date : {21, 1, 2004} Iterations: 21
Date : {22, 1, 2004} Iterations: 22
Date : {23, 1, 2004} Iterations: 23
Date : {24, 1, 2004} Iterations: 24
Date : {25, 1, 2004} Iterations: 25
Date : {26, 1, 2004} Iterations: 26
Date : {27, 1, 2004} Iterations: 27
Date : {28, 1, 2004} Iterations: 28
Date : {29, 1, 2004} Iterations: 29
Date : {30, 1, 2004} Iterations: 30
Date : {1, 2, 2004} Iterations: 31
Date : {2, 2, 2004} Iterations: 32
Date : {3, 2, 2004} Iterations: 33
Date : {4, 2, 2004} Iterations: 34
Date : {5, 2, 2004} Iterations: 35
Date : {6, 2, 2004} Iterations: 36
Date : {7, 2, 2004} Iterations: 37
Date : {8, 2, 2004} Iterations: 38
Date : {9, 2, 2004} Iterations: 39
Date : {10, 2, 2004} Iterations: 40
Date : {11, 2, 2004} Iterations: 41
Date : {12, 2, 2004} Iterations: 42
Date : {13, 2, 2004} Iterations: 43
Date : {14, 2, 2004} Iterations: 44
Date : {15, 2, 2004} Iterations: 45
Date : {16, 2, 2004} Iterations: 46
Date : {17, 2, 2004} Iterations: 47
Date : {18, 2, 2004} Iterations: 48
Date : {19, 2, 2004} Iterations: 49
Date : {20, 2, 2004} Iterations: 50
Date : {21, 2, 2004} Iterations: 51
Date : {22, 2, 2004} Iterations: 52
Date : {23, 2, 2004} Iterations: 53
Date : {24, 2, 2004} Iterations: 54
Date : {25, 2, 2004} Iterations: 55
Date : {26, 2, 2004} Iterations: 56
Date : {27, 2, 2004} Iterations: 57
Date : {28, 2, 2004} Iterations: 58
Date : {29, 2, 2004} Iterations: 59
Date : {30, 2, 2004} Iterations: 60
Date : {1, 3, 2004} Iterations: 61
Date : {2, 3, 2004} Iterations: 62
Date : {3, 3, 2004} Iterations: 63
Date : {4, 3, 2004} Iterations: 64
Date : {5, 3, 2004} Iterations: 65
Date : {6, 3, 2004} Iterations: 66
Date : {7, 3, 2004} Iterations: 67
Date : {8, 3, 2004} Iterations: 68
Date : {9, 3, 2004} Iterations: 69
Date : {10, 3, 2004} Iterations: 70
Date : {11, 3, 2004} Iterations: 71
Date : {12, 3, 2004} Iterations: 72
Date : {13, 3, 2004} Iterations: 73
Date : {14, 3, 2004} Iterations: 74
Date : {15, 3, 2004} Iterations: 75
Date : {16, 3, 2004} Iterations: 76
Date : {17, 3, 2004} Iterations: 77
Date : {18, 3, 2004} Iterations: 78
Date : {19, 3, 2004} Iterations: 79
Date : {20, 3, 2004} Iterations: 80
Date : {21, 3, 2004} Iterations: 81
Date : {22, 3, 2004} Iterations: 82
Date : {23, 3, 2004} Iterations: 83
Date : {24, 3, 2004} Iterations: 84
Date : {25, 3, 2004} Iterations: 85
Date : {26, 3, 2004} Iterations: 86
Date : {27, 3, 2004} Iterations: 87
Date : {28, 3, 2004} Iterations: 88
Date : {29, 3, 2004} Iterations: 89
Date : {30, 3, 2004} Iterations: 90
Date : {1, 4, 2004} Iterations: 91
Date : {2, 4, 2004} Iterations: 92
Date : {3, 4, 2004} Iterations: 93
Date : {4, 4, 2004} Iterations: 94
Date : {5, 4, 2004} Iterations: 95
Date : {6, 4, 2004} Iterations: 96
Date : {7, 4, 2004} Iterations: 97
Date : {8, 4, 2004} Iterations: 98
Date : {9, 4, 2004} Iterations: 99
Date : {10, 4, 2004} Iterations: 100
Date : {11, 4, 2004} Iterations: 101
Date : {12, 4, 2004} Iterations: 102
Date : {13, 4, 2004} Iterations: 103
Date : {14, 4, 2004} Iterations: 104
Date : {15, 4, 2004} Iterations: 105
Date : {16, 4, 2004} Iterations: 106
Date : {17, 4, 2004} Iterations: 107
Date : {18, 4, 2004} Iterations: 108
Date : {19, 4, 2004} Iterations: 109
Date : {20, 4, 2004} Iterations: 110
Date : {21, 4, 2004} Iterations: 111
Date : {22, 4, 2004} Iterations: 112
Date : {23, 4, 2004} Iterations: 113
Date : {24, 4, 2004} Iterations: 114
Date : {25, 4, 2004} Iterations: 115
Date : {26, 4, 2004} Iterations: 116
Date : {27, 4, 2004} Iterations: 117
Date : {28, 4, 2004} Iterations: 118
Date : {29, 4, 2004} Iterations: 119
Date : {30, 4, 2004} Iterations: 120
Date : {1, 5, 2004} Iterations: 121
Date : {2, 5, 2004} Iterations: 122
Date : {3, 5, 2004} Iterations: 123
Date : {4, 5, 2004} Iterations: 124
Date : {5, 5, 2004} Iterations: 125
Date : {6, 5, 2004} Iterations: 126
Date : {7, 5, 2004} Iterations: 127
Date : {8, 5, 2004} Iterations: 128
Date : {9, 5, 2004} Iterations: 129
Date : {10, 5, 2004} Iterations: 130
Date : {11, 5, 2004} Iterations: 131
Date : {12, 5, 2004} Iterations: 132
Date : {13, 5, 2004} Iterations: 133
Date : {14, 5, 2004} Iterations: 134
Date : {15, 5, 2004} Iterations: 135
Date : {16, 5, 2004} Iterations: 136
Date : {17, 5, 2004} Iterations: 137
Date : {18, 5, 2004} Iterations: 138
Date : {19, 5, 2004} Iterations: 139
Date : {20, 5, 2004} Iterations: 140
Date : {21, 5, 2004} Iterations: 141
Date : {22, 5, 2004} Iterations: 142
Date : {23, 5, 2004} Iterations: 143
Date : {24, 5, 2004} Iterations: 144
Date : {25, 5, 2004} Iterations: 145
Date : {26, 5, 2004} Iterations: 146
Date : {27, 5, 2004} Iterations: 147
Date : {28, 5, 2004} Iterations: 148
Date : {29, 5, 2004} Iterations: 149
Date : {30, 5, 2004} Iterations: 150
Date : {1, 6, 2004} Iterations: 151
Date : {2, 6, 2004} Iterations: 152
Date : {3, 6, 2004} Iterations: 153
Date : {4, 6, 2004} Iterations: 154
Date : {5, 6, 2004} Iterations: 155
Date : {6, 6, 2004} Iterations: 156
Date : {7, 6, 2004} Iterations: 157
Date : {8, 6, 2004} Iterations: 158
Date : {9, 6, 2004} Iterations: 159
Date : {10, 6, 2004} Iterations: 160
Date : {11, 6, 2004} Iterations: 161
Date : {12, 6, 2004} Iterations: 162
Date : {13, 6, 2004} Iterations: 163
Date : {14, 6, 2004} Iterations: 164
Date : {15, 6, 2004} Iterations: 165
Date : {16, 6, 2004} Iterations: 166
Date : {17, 6, 2004} Iterations: 167
Date : {18, 6, 2004} Iterations: 168
Date : {19, 6, 2004} Iterations: 169
Date : {20, 6, 2004} Iterations: 170
Date : {21, 6, 2004} Iterations: 171
Total num of EC exception days: 172
February dayLimit: 28
Date : {11, 9, 2003} Iterations: 0
Date : {12, 9, 2003} Iterations: 1
Date : {13, 9, 2003} Iterations: 2
Date : {14, 9, 2003} Iterations: 3
Date : {15, 9, 2003} Iterations: 4
Date : {16, 9, 2003} Iterations: 5
Date : {17, 9, 2003} Iterations: 6
Date : {18, 9, 2003} Iterations: 7
Date : {19, 9, 2003} Iterations: 8
Date : {20, 9, 2003} Iterations: 9
Date : {21, 9, 2003} Iterations: 10
Date : {22, 9, 2003} Iterations: 11
Date : {23, 9, 2003} Iterations: 12
Date : {24, 9, 2003} Iterations: 13
Date : {25, 9, 2003} Iterations: 14
Date : {26, 9, 2003} Iterations: 15
Date : {27, 9, 2003} Iterations: 16
Date : {28, 9, 2003} Iterations: 17
Date : {29, 9, 2003} Iterations: 18
Date : {30, 9, 2003} Iterations: 19
Date : {1, 10, 2003} Iterations: 20
Date : {2, 10, 2003} Iterations: 21
Date : {3, 10, 2003} Iterations: 22
Date : {4, 10, 2003} Iterations: 23
Date : {5, 10, 2003} Iterations: 24
Date : {6, 10, 2003} Iterations: 25
Date : {7, 10, 2003} Iterations: 26
Date : {8, 10, 2003} Iterations: 27
Date : {9, 10, 2003} Iterations: 28
Date : {10, 10, 2003} Iterations: 29
Date : {11, 10, 2003} Iterations: 30
Date : {12, 10, 2003} Iterations: 31
Date : {13, 10, 2003} Iterations: 32
Date : {14, 10, 2003} Iterations: 33
Date : {15, 10, 2003} Iterations: 34
Date : {16, 10, 2003} Iterations: 35
Date : {17, 10, 2003} Iterations: 36
Date : {18, 10, 2003} Iterations: 37
Date : {19, 10, 2003} Iterations: 38
Date : {20, 10, 2003} Iterations: 39
Date : {21, 10, 2003} Iterations: 40
Date : {22, 10, 2003} Iterations: 41
Date : {23, 10, 2003} Iterations: 42
Date : {24, 10, 2003} Iterations: 43
Date : {25, 10, 2003} Iterations: 44
Date : {26, 10, 2003} Iterations: 45
Date : {27, 10, 2003} Iterations: 46
Date : {28, 10, 2003} Iterations: 47
Date : {29, 10, 2003} Iterations: 48
Date : {30, 10, 2003} Iterations: 49
Date : {31, 10, 2003} Iterations: 50
Date : {1, 11, 2003} Iterations: 51
Date : {2, 11, 2003} Iterations: 52
Date : {3, 11, 2003} Iterations: 53
Date : {4, 11, 2003} Iterations: 54
Date : {5, 11, 2003} Iterations: 55
Date : {6, 11, 2003} Iterations: 56
Date : {7, 11, 2003} Iterations: 57
Date : {8, 11, 2003} Iterations: 58
Date : {9, 11, 2003} Iterations: 59
Date : {10, 11, 2003} Iterations: 60
Date : {11, 11, 2003} Iterations: 61
Date : {12, 11, 2003} Iterations: 62
Date : {13, 11, 2003} Iterations: 63
Date : {14, 11, 2003} Iterations: 64
Date : {15, 11, 2003} Iterations: 65
Date : {16, 11, 2003} Iterations: 66
Date : {17, 11, 2003} Iterations: 67
Date : {18, 11, 2003} Iterations: 68
Date : {19, 11, 2003} Iterations: 69
Date : {20, 11, 2003} Iterations: 70
Date : {21, 11, 2003} Iterations: 71
Date : {22, 11, 2003} Iterations: 72
Date : {23, 11, 2003} Iterations: 73
Date : {24, 11, 2003} Iterations: 74
Date : {25, 11, 2003} Iterations: 75
Date : {26, 11, 2003} Iterations: 76
Date : {27, 11, 2003} Iterations: 77
Date : {28, 11, 2003} Iterations: 78
Date : {29, 11, 2003} Iterations: 79
Date : {30, 11, 2003} Iterations: 80
Date : {1, 12, 2003} Iterations: 81
Date : {2, 12, 2003} Iterations: 82
Date : {3, 12, 2003} Iterations: 83
Date : {4, 12, 2003} Iterations: 84
Date : {5, 12, 2003} Iterations: 85
Date : {6, 12, 2003} Iterations: 86
Date : {7, 12, 2003} Iterations: 87
Date : {8, 12, 2003} Iterations: 88
Date : {9, 12, 2003} Iterations: 89
Date : {10, 12, 2003} Iterations: 90
Date : {11, 12, 2003} Iterations: 91
Date : {12, 12, 2003} Iterations: 92
Date : {13, 12, 2003} Iterations: 93
Date : {14, 12, 2003} Iterations: 94
Date : {15, 12, 2003} Iterations: 95
Date : {16, 12, 2003} Iterations: 96
Date : {17, 12, 2003} Iterations: 97
Date : {18, 12, 2003} Iterations: 98
Date : {19, 12, 2003} Iterations: 99
Date : {20, 12, 2003} Iterations: 100
Date : {21, 12, 2003} Iterations: 101
Date : {22, 12, 2003} Iterations: 102
Date : {23, 12, 2003} Iterations: 103
Date : {24, 12, 2003} Iterations: 104
Date : {25, 12, 2003} Iterations: 105
Date : {26, 12, 2003} Iterations: 106
Date : {27, 12, 2003} Iterations: 107
Date : {28, 12, 2003} Iterations: 108
Date : {29, 12, 2003} Iterations: 109
Date : {30, 12, 2003} Iterations: 110
Date : {31, 12, 2003} Iterations: 111
Date : {1, 1, 2004} Iterations: 112
Date : {2, 1, 2004} Iterations: 113
Date : {3, 1, 2004} Iterations: 114
Date : {4, 1, 2004} Iterations: 115
Date : {5, 1, 2004} Iterations: 116
Date : {6, 1, 2004} Iterations: 117
Date : {7, 1, 2004} Iterations: 118
Date : {8, 1, 2004} Iterations: 119
Date : {9, 1, 2004} Iterations: 120
Date : {10, 1, 2004} Iterations: 121
Date : {11, 1, 2004} Iterations: 122
Date : {12, 1, 2004} Iterations: 123
Date : {13, 1, 2004} Iterations: 124
Date : {14, 1, 2004} Iterations: 125
Date : {15, 1, 2004} Iterations: 126
Date : {16, 1, 2004} Iterations: 127
Date : {17, 1, 2004} Iterations: 128
Date : {18, 1, 2004} Iterations: 129
Date : {19, 1, 2004} Iterations: 130
Date : {20, 1, 2004} Iterations: 131
Date : {21, 1, 2004} Iterations: 132
Date : {22, 1, 2004} Iterations: 133
Date : {23, 1, 2004} Iterations: 134
Date : {24, 1, 2004} Iterations: 135
Date : {25, 1, 2004} Iterations: 136
Date : {26, 1, 2004} Iterations: 137
Date : {27, 1, 2004} Iterations: 138
Date : {28, 1, 2004} Iterations: 139
Date : {29, 1, 2004} Iterations: 140
Date : {30, 1, 2004} Iterations: 141
Date : {31, 1, 2004} Iterations: 142
February dayLimit: 29
Date : {1, 2, 2004} Iterations: 143
Date : {2, 2, 2004} Iterations: 144
Date : {3, 2, 2004} Iterations: 145
Date : {4, 2, 2004} Iterations: 146
Date : {5, 2, 2004} Iterations: 147
Date : {6, 2, 2004} Iterations: 148
Date : {7, 2, 2004} Iterations: 149
Date : {8, 2, 2004} Iterations: 150
Date : {9, 2, 2004} Iterations: 151
Date : {10, 2, 2004} Iterations: 152
Date : {11, 2, 2004} Iterations: 153
Date : {12, 2, 2004} Iterations: 154
Date : {13, 2, 2004} Iterations: 155
Date : {14, 2, 2004} Iterations: 156
Date : {15, 2, 2004} Iterations: 157
Date : {16, 2, 2004} Iterations: 158
Date : {17, 2, 2004} Iterations: 159
Date : {18, 2, 2004} Iterations: 160
Date : {19, 2, 2004} Iterations: 161
Date : {20, 2, 2004} Iterations: 162
Date : {21, 2, 2004} Iterations: 163
Date : {22, 2, 2004} Iterations: 164
Date : {23, 2, 2004} Iterations: 165
Date : {24, 2, 2004} Iterations: 166
Date : {25, 2, 2004} Iterations: 167
Date : {26, 2, 2004} Iterations: 168
Date : {27, 2, 2004} Iterations: 169
Date : {28, 2, 2004} Iterations: 170
Date : {29, 2, 2004} Iterations: 171
Total num of GC exception days: 172
]]></system-out>
  </testcase>
  <testcase name="everyValidDayOfTheGcCalendar" classname="com.calendarConverter.utility.UtilityTest" time="0.003">
    <system-out><![CDATA[Bean: com.calendarConverter.utility.UtilityTest.ORIGINAL initialized...
Date : {1, 1, 2004} Iterations: 1
Date : {2, 1, 2004} Iterations: 2
Date : {3, 1, 2004} Iterations: 3
Date : {4, 1, 2004} Iterations: 4
Date : {5, 1, 2004} Iterations: 5
Date : {6, 1, 2004} Iterations: 6
Date : {7, 1, 2004} Iterations: 7
Date : {8, 1, 2004} Iterations: 8
Date : {9, 1, 2004} Iterations: 9
Date : {10, 1, 2004} Iterations: 10
Date : {11, 1, 2004} Iterations: 11
Date : {12, 1, 2004} Iterations: 12
Date : {13, 1, 2004} Iterations: 13
Date : {14, 1, 2004} Iterations: 14
Date : {15, 1, 2004} Iterations: 15
Date : {16, 1, 2004} Iterations: 16
Date : {17, 1, 2004} Iterations: 17
Date : {18, 1, 2004} Iterations: 18
Date : {19, 1, 2004} Iterations: 19
Date : {20, 1, 2004} Iterations: 20
Date : {21, 1, 2004} Iterations: 21
Date : {22, 1, 2004} Iterations: 22
Date : {23, 1, 2004} Iterations: 23
Date : {24, 1, 2004} Iterations: 24
Date : {25, 1, 2004} Iterations: 25
Date : {26, 1, 2004} Iterations: 26
Date : {27, 1, 2004} Iterations: 27
Date : {28, 1, 2004} Iterations: 28
Date : {29, 1, 2004} Iterations: 29
Date : {30, 1, 2004} Iterations: 30
Date : {31, 1, 2004} Iterations: 31
Date : {1, 2, 2004} Iterations: 32
Date : {2, 2, 2004} Iterations: 33
Date : {3, 2, 2004} Iterations: 34
Date : {4, 2, 2004} Iterations: 35
Date : {5, 2, 2004} Iterations: 36
Date : {6, 2, 2004} Iterations: 37
Date : {7, 2, 2004} Iterations: 38
Date : {8, 2, 2004} Iterations: 39
Date : {9, 2, 2004} Iterations: 40
Date : {10, 2, 2004} Iterations: 41
Date : {11, 2, 2004} Iterations: 42
Date : {12, 2, 2004} Iterations: 43
Date : {13, 2, 2004} Iterations: 44
Date : {14, 2, 2004} Iterations: 45
Date : {15, 2, 2004} Iterations: 46
Date : {16, 2, 2004} Iterations: 47
Date : {17, 2, 2004} Iterations: 48
Date : {18, 2, 2004} Iterations: 49
Date : {19, 2, 2004} Iterations: 50
Date : {20, 2, 2004} Iterations: 51
Date : {21, 2, 2004} Iterations: 52
Date : {22, 2, 2004} Iterations: 53
Date : {23, 2, 2004} Iterations: 54
Date : {24, 2, 2004} Iterations: 55
Date : {25, 2, 2004} Iterations: 56
Date : {26, 2, 2004} Iterations: 57
Date : {27, 2, 2004} Iterations: 58
Date : {28, 2, 2004} Iterations: 59
Date : {29, 2, 2004} Iterations: 60
Date : {1, 3, 2004} Iterations: 61
Date : {2, 3, 2004} Iterations: 62
Date : {3, 3, 2004} Iterations: 63
Date : {4, 3, 2004} Iterations: 64
Date : {5, 3, 2004} Iterations: 65
Date : {6, 3, 2004} Iterations: 66
Date : {7, 3, 2004} Iterations: 67
Date : {8, 3, 2004} Iterations: 68
Date : {9, 3, 2004} Iterations: 69
Date : {10, 3, 2004} Iterations: 70
Date : {11, 3, 2004} Iterations: 71
Date : {12, 3, 2004} Iterations: 72
Date : {13, 3, 2004} Iterations: 73
Date : {14, 3, 2004} Iterations: 74
Date : {15, 3, 2004} Iterations: 75
Date : {16, 3, 2004} Iterations: 76
Date : {17, 3, 2004} Iterations: 77
Date : {18, 3, 2004} Iterations: 78
Date : {19, 3, 2004} Iterations: 79
Date : {20, 3, 2004} Iterations: 80
Date : {21, 3, 2004} Iterations: 81
Date : {22, 3, 2004} Iterations: 82
Date : {23, 3, 2004} Iterations: 83
Date : {24, 3, 2004} Iterations: 84
Date : {25, 3, 2004} Iterations: 85
Date : {26, 3, 2004} Iterations: 86
Date : {27, 3, 2004} Iterations: 87
Date : {28, 3, 2004} Iterations: 88
Date : {29, 3, 2004} Iterations: 89
Date : {30, 3, 2004} Iterations: 90
Date : {31, 3, 2004} Iterations: 91
Date : {1, 4, 2004} Iterations: 92
Date : {2, 4, 2004} Iterations: 93
Date : {3, 4, 2004} Iterations: 94
Date : {4, 4, 2004} Iterations: 95
Date : {5, 4, 2004} Iterations: 96
Date : {6, 4, 2004} Iterations: 97
Date : {7, 4, 2004} Iterations: 98
Date : {8, 4, 2004} Iterations: 99
Date : {9, 4, 2004} Iterations: 100
Date : {10, 4, 2004} Iterations: 101
Date : {11, 4, 2004} Iterations: 102
Date : {12, 4, 2004} Iterations: 103
Date : {13, 4, 2004} Iterations: 104
Date : {14, 4, 2004} Iterations: 105
Date : {15, 4, 2004} Iterations: 106
Date : {16, 4, 2004} Iterations: 107
Date : {17, 4, 2004} Iterations: 108
Date : {18, 4, 2004} Iterations: 109
Date : {19, 4, 2004} Iterations: 110
Date : {20, 4, 2004} Iterations: 111
Date : {21, 4, 2004} Iterations: 112
Date : {22, 4, 2004} Iterations: 113
Date : {23, 4, 2004} Iterations: 114
Date : {24, 4, 2004} Iterations: 115
Date : {25, 4, 2004} Iterations: 116
Date : {26, 4, 2004} Iterations: 117
Date : {27, 4, 2004} Iterations: 118
Date : {28, 4, 2004} Iterations: 119
Date : {29, 4, 2004} Iterations: 120
Date : {30, 4, 2004} Iterations: 121
Date : {1, 5, 2004} Iterations: 122
Date : {2, 5, 2004} Iterations: 123
Date : {3, 5, 2004} Iterations: 124
Date : {4, 5, 2004} Iterations: 125
Date : {5, 5, 2004} Iterations: 126
Date : {6, 5, 2004} Iterations: 127
Date : {7, 5, 2004} Iterations: 128
Date : {8, 5, 2004} Iterations: 129
Date : {9, 5, 2004} Iterations: 130
Date : {10, 5, 2004} Iterations: 131
Date : {11, 5, 2004} Iterations: 132
Date : {12, 5, 2004} Iterations: 133
Date : {13, 5, 2004} Iterations: 134
Date : {14, 5, 2004} Iterations: 135
Date : {15, 5, 2004} Iterations: 136
Date : {16, 5, 2004} Iterations: 137
Date : {17, 5, 2004} Iterations: 138
Date : {18, 5, 2004} Iterations: 139
Date : {19, 5, 2004} Iterations: 140
Date : {20, 5, 2004} Iterations: 141
Date : {21, 5, 2004} Iterations: 142
Date : {22, 5, 2004} Iterations: 143
Date : {23, 5, 2004} Iterations: 144
Date : {24, 5, 2004} Iterations: 145
Date : {25, 5, 2004} Iterations: 146
Date : {26, 5, 2004} Iterations: 147
Date : {27, 5, 2004} Iterations: 148
Date : {28, 5, 2004} Iterations: 149
Date : {29, 5, 2004} Iterations: 150
Date : {30, 5, 2004} Iterations: 151
Date : {31, 5, 2004} Iterations: 152
Date : {1, 6, 2004} Iterations: 153
Date : {2, 6, 2004} Iterations: 154
Date : {3, 6, 2004} Iterations: 155
Date : {4, 6, 2004} Iterations: 156
Date : {5, 6, 2004} Iterations: 157
Date : {6, 6, 2004} Iterations: 158
Date : {7, 6, 2004} Iterations: 159
Date : {8, 6, 2004} Iterations: 160
Date : {9, 6, 2004} Iterations: 161
Date : {10, 6, 2004} Iterations: 162
Date : {11, 6, 2004} Iterations: 163
Date : {12, 6, 2004} Iterations: 164
Date : {13, 6, 2004} Iterations: 165
Date : {14, 6, 2004} Iterations: 166
Date : {15, 6, 2004} Iterations: 167
Date : {16, 6, 2004} Iterations: 168
Date : {17, 6, 2004} Iterations: 169
Date : {18, 6, 2004} Iterations: 170
Date : {19, 6, 2004} Iterations: 171
Date : {20, 6, 2004} Iterations: 172
Date : {21, 6, 2004} Iterations: 173
Date : {22, 6, 2004} Iterations: 174
Date : {23, 6, 2004} Iterations: 175
Date : {24, 6, 2004} Iterations: 176
Date : {25, 6, 2004} Iterations: 177
Date : {26, 6, 2004} Iterations: 178
Date : {27, 6, 2004} Iterations: 179
Date : {28, 6, 2004} Iterations: 180
Date : {29, 6, 2004} Iterations: 181
Date : {30, 6, 2004} Iterations: 182
Date : {1, 7, 2004} Iterations: 183
Date : {2, 7, 2004} Iterations: 184
Date : {3, 7, 2004} Iterations: 185
Date : {4, 7, 2004} Iterations: 186
Date : {5, 7, 2004} Iterations: 187
Date : {6, 7, 2004} Iterations: 188
Date : {7, 7, 2004} Iterations: 189
Date : {8, 7, 2004} Iterations: 190
Date : {9, 7, 2004} Iterations: 191
Date : {10, 7, 2004} Iterations: 192
Date : {11, 7, 2004} Iterations: 193
Date : {12, 7, 2004} Iterations: 194
Date : {13, 7, 2004} Iterations: 195
Date : {14, 7, 2004} Iterations: 196
Date : {15, 7, 2004} Iterations: 197
Date : {16, 7, 2004} Iterations: 198
Date : {17, 7, 2004} Iterations: 199
Date : {18, 7, 2004} Iterations: 200
Date : {19, 7, 2004} Iterations: 201
Date : {20, 7, 2004} Iterations: 202
Date : {21, 7, 2004} Iterations: 203
Date : {22, 7, 2004} Iterations: 204
Date : {23, 7, 2004} Iterations: 205
Date : {24, 7, 2004} Iterations: 206
Date : {25, 7, 2004} Iterations: 207
Date : {26, 7, 2004} Iterations: 208
Date : {27, 7, 2004} Iterations: 209
Date : {28, 7, 2004} Iterations: 210
Date : {29, 7, 2004} Iterations: 211
Date : {30, 7, 2004} Iterations: 212
Date : {31, 7, 2004} Iterations: 213
Date : {1, 8, 2004} Iterations: 214
Date : {2, 8, 2004} Iterations: 215
Date : {3, 8, 2004} Iterations: 216
Date : {4, 8, 2004} Iterations: 217
Date : {5, 8, 2004} Iterations: 218
Date : {6, 8, 2004} Iterations: 219
Date : {7, 8, 2004} Iterations: 220
Date : {8, 8, 2004} Iterations: 221
Date : {9, 8, 2004} Iterations: 222
Date : {10, 8, 2004} Iterations: 223
Date : {11, 8, 2004} Iterations: 224
Date : {12, 8, 2004} Iterations: 225
Date : {13, 8, 2004} Iterations: 226
Date : {14, 8, 2004} Iterations: 227
Date : {15, 8, 2004} Iterations: 228
Date : {16, 8, 2004} Iterations: 229
Date : {17, 8, 2004} Iterations: 230
Date : {18, 8, 2004} Iterations: 231
Date : {19, 8, 2004} Iterations: 232
Date : {20, 8, 2004} Iterations: 233
Date : {21, 8, 2004} Iterations: 234
Date : {22, 8, 2004} Iterations: 235
Date : {23, 8, 2004} Iterations: 236
Date : {24, 8, 2004} Iterations: 237
Date : {25, 8, 2004} Iterations: 238
Date : {26, 8, 2004} Iterations: 239
Date : {27, 8, 2004} Iterations: 240
Date : {28, 8, 2004} Iterations: 241
Date : {29, 8, 2004} Iterations: 242
Date : {30, 8, 2004} Iterations: 243
Date : {31, 8, 2004} Iterations: 244
Date : {1, 9, 2004} Iterations: 245
Date : {2, 9, 2004} Iterations: 246
Date : {3, 9, 2004} Iterations: 247
Date : {4, 9, 2004} Iterations: 248
Date : {5, 9, 2004} Iterations: 249
Date : {6, 9, 2004} Iterations: 250
Date : {7, 9, 2004} Iterations: 251
Date : {8, 9, 2004} Iterations: 252
Date : {9, 9, 2004} Iterations: 253
Date : {10, 9, 2004} Iterations: 254
Date : {11, 9, 2004} Iterations: 255
Date : {12, 9, 2004} Iterations: 256
Date : {13, 9, 2004} Iterations: 257
Date : {14, 9, 2004} Iterations: 258
Date : {15, 9, 2004} Iterations: 259
Date : {16, 9, 2004} Iterations: 260
Date : {17, 9, 2004} Iterations: 261
Date : {18, 9, 2004} Iterations: 262
Date : {19, 9, 2004} Iterations: 263
Date : {20, 9, 2004} Iterations: 264
Date : {21, 9, 2004} Iterations: 265
Date : {22, 9, 2004} Iterations: 266
Date : {23, 9, 2004} Iterations: 267
Date : {24, 9, 2004} Iterations: 268
Date : {25, 9, 2004} Iterations: 269
Date : {26, 9, 2004} Iterations: 270
Date : {27, 9, 2004} Iterations: 271
Date : {28, 9, 2004} Iterations: 272
Date : {29, 9, 2004} Iterations: 273
Date : {30, 9, 2004} Iterations: 274
Date : {1, 10, 2004} Iterations: 275
Date : {2, 10, 2004} Iterations: 276
Date : {3, 10, 2004} Iterations: 277
Date : {4, 10, 2004} Iterations: 278
Date : {5, 10, 2004} Iterations: 279
Date : {6, 10, 2004} Iterations: 280
Date : {7, 10, 2004} Iterations: 281
Date : {8, 10, 2004} Iterations: 282
Date : {9, 10, 2004} Iterations: 283
Date : {10, 10, 2004} Iterations: 284
Date : {11, 10, 2004} Iterations: 285
Date : {12, 10, 2004} Iterations: 286
Date : {13, 10, 2004} Iterations: 287
Date : {14, 10, 2004} Iterations: 288
Date : {15, 10, 2004} Iterations: 289
Date : {16, 10, 2004} Iterations: 290
Date : {17, 10, 2004} Iterations: 291
Date : {18, 10, 2004} Iterations: 292
Date : {19, 10, 2004} Iterations: 293
Date : {20, 10, 2004} Iterations: 294
Date : {21, 10, 2004} Iterations: 295
Date : {22, 10, 2004} Iterations: 296
Date : {23, 10, 2004} Iterations: 297
Date : {24, 10, 2004} Iterations: 298
Date : {25, 10, 2004} Iterations: 299
Date : {26, 10, 2004} Iterations: 300
Date : {27, 10, 2004} Iterations: 301
Date : {28, 10, 2004} Iterations: 302
Date : {29, 10, 2004} Iterations: 303
Date : {30, 10, 2004} Iterations: 304
Date : {31, 10, 2004} Iterations: 305
Date : {1, 11, 2004} Iterations: 306
Date : {2, 11, 2004} Iterations: 307
Date : {3, 11, 2004} Iterations: 308
Date : {4, 11, 2004} Iterations: 309
Date : {5, 11, 2004} Iterations: 310
Date : {6, 11, 2004} Iterations: 311
Date : {7, 11, 2004} Iterations: 312
Date : {8, 11, 2004} Iterations: 313
Date : {9, 11, 2004} Iterations: 314
Date : {10, 11, 2004} Iterations: 315
Date : {11, 11, 2004} Iterations: 316
Date : {12, 11, 2004} Iterations: 317
Date : {13, 11, 2004} Iterations: 318
Date : {14, 11, 2004} Iterations: 319
Date : {15, 11, 2004} Iterations: 320
Date : {16, 11, 2004} Iterations: 321
Date : {17, 11, 2004} Iterations: 322
Date : {18, 11, 2004} Iterations: 323
Date : {19, 11, 2004} Iterations: 324
Date : {20, 11, 2004} Iterations: 325
Date : {21, 11, 2004} Iterations: 326
Date : {22, 11, 2004} Iterations: 327
Date : {23, 11, 2004} Iterations: 328
Date : {24, 11, 2004} Iterations: 329
Date : {25, 11, 2004} Iterations: 330
Date : {26, 11, 2004} Iterations: 331
Date : {27, 11, 2004} Iterations: 332
Date : {28, 11, 2004} Iterations: 333
Date : {29, 11, 2004} Iterations: 334
Date : {30, 11, 2004} Iterations: 335
Date : {1, 12, 2004} Iterations: 336
Date : {2, 12, 2004} Iterations: 337
Date : {3, 12, 2004} Iterations: 338
Date : {4, 12, 2004} Iterations: 339
Date : {5, 12, 2004} Iterations: 340
Date : {6, 12, 2004} Iterations: 341
Date : {7, 12, 2004} Iterations: 342
Date : {8, 12, 2004} Iterations: 343
Date : {9, 12, 2004} Iterations: 344
Date : {10, 12, 2004} Iterations: 345
Date : {11, 12, 2004} Iterations: 346
Date : {12, 12, 2004} Iterations: 347
Date : {13, 12, 2004} Iterations: 348
Date : {14, 12, 2004} Iterations: 349
Date : {15, 12, 2004} Iterations: 350
Date : {16, 12, 2004} Iterations: 351
Date : {17, 12, 2004} Iterations: 352
Date : {18, 12, 2004} Iterations: 353
Date : {19, 12, 2004} Iterations: 354
Date : {20, 12, 2004} Iterations: 355
Date : {21, 12, 2004} Iterations: 356
Date : {22, 12, 2004} Iterations: 357
Date : {23, 12, 2004} Iterations: 358
Date : {24, 12, 2004} Iterations: 359
Date : {25, 12, 2004} Iterations: 360
Date : {26, 12, 2004} Iterations: 361
Date : {27, 12, 2004} Iterations: 362
Date : {28, 12, 2004} Iterations: 363
Date : {29, 12, 2004} Iterations: 364
Date : {30, 12, 2004} Iterations: 365
Date : {31, 12, 2004} Iterations: 366
Total num of days: 366
]]></system-out>
  </testcase>
  <testcase name="everyValidDayOfTheEcCalendar" classname="com.calendarConverter.utility.UtilityTest" time="0.002">
    <system-out><![CDATA[Bean: com.calendarConverter.utility.UtilityTest.ORIGINAL initialized...
Date : {1, 1, 2003} Iterations: 1
Date : {2, 1, 2003} Iterations: 2
Date : {3, 1, 2003} Iterations: 3
Date : {4, 1, 2003} Iterations: 4
Date : {5, 1, 2003} Iterations: 5
Date : {6, 1, 2003} Iterations: 6
Date : {7, 1, 2003} Iterations: 7
Date : {8, 1, 2003} Iterations: 8
Date : {9, 1, 2003} Iterations: 9
Date : {10, 1, 2003} Iterations: 10
Date : {11, 1, 2003} Iterations: 11
Date : {12, 1, 2003} Iterations: 12
Date : {13, 1, 2003} Iterations: 13
Date : {14, 1, 2003} Iterations: 14
Date : {15, 1, 2003} Iterations: 15
Date : {16, 1, 2003} Iterations: 16
Date : {17, 1, 2003} Iterations: 17
Date : {18, 1, 2003} Iterations: 18
Date : {19, 1, 2003} Iterations: 19
Date : {20, 1, 2003} Iterations: 20
Date : {21, 1, 2003} Iterations: 21
Date : {22, 1, 2003} Iterations: 22
Date : {23, 1, 2003} Iterations: 23
Date : {24, 1, 2003} Iterations: 24
Date : {25, 1, 2003} Iterations: 25
Date : {26, 1, 2003} Iterations: 26
Date : {27, 1, 2003} Iterations: 27
Date : {28, 1, 2003} Iterations: 28
Date : {29, 1, 2003} Iterations: 29
Date : {30, 1, 2003} Iterations: 30
Date : {1, 2, 2003} Iterations: 31
Date : {2, 2, 2003} Iterations: 32
Date : {3, 2, 2003} Iterations: 33
Date : {4, 2, 2003} Iterations: 34
Date : {5, 2, 2003} Iterations: 35
Date : {6, 2, 2003} Iterations: 36
Date : {7, 2, 2003} Iterations: 37
Date : {8, 2, 2003} Iterations: 38
Date : {9, 2, 2003} Iterations: 39
Date : {10, 2, 2003} Iterations: 40
Date : {11, 2, 2003} Iterations: 41
Date : {12, 2, 2003} Iterations: 42
Date : {13, 2, 2003} Iterations: 43
Date : {14, 2, 2003} Iterations: 44
Date : {15, 2, 2003} Iterations: 45
Date : {16, 2, 2003} Iterations: 46
Date : {17, 2, 2003} Iterations: 47
Date : {18, 2, 2003} Iterations: 48
Date : {19, 2, 2003} Iterations: 49
Date : {20, 2, 2003} Iterations: 50
Date : {21, 2, 2003} Iterations: 51
Date : {22, 2, 2003} Iterations: 52
Date : {23, 2, 2003} Iterations: 53
Date : {24, 2, 2003} Iterations: 54
Date : {25, 2, 2003} Iterations: 55
Date : {26, 2, 2003} Iterations: 56
Date : {27, 2, 2003} Iterations: 57
Date : {28, 2, 2003} Iterations: 58
Date : {29, 2, 2003} Iterations: 59
Date : {30, 2, 2003} Iterations: 60
Date : {1, 3, 2003} Iterations: 61
Date : {2, 3, 2003} Iterations: 62
Date : {3, 3, 2003} Iterations: 63
Date : {4, 3, 2003} Iterations: 64
Date : {5, 3, 2003} Iterations: 65
Date : {6, 3, 2003} Iterations: 66
Date : {7, 3, 2003} Iterations: 67
Date : {8, 3, 2003} Iterations: 68
Date : {9, 3, 2003} Iterations: 69
Date : {10, 3, 2003} Iterations: 70
Date : {11, 3, 2003} Iterations: 71
Date : {12, 3, 2003} Iterations: 72
Date : {13, 3, 2003} Iterations: 73
Date : {14, 3, 2003} Iterations: 74
Date : {15, 3, 2003} Iterations: 75
Date : {16, 3, 2003} Iterations: 76
Date : {17, 3, 2003} Iterations: 77
Date : {18, 3, 2003} Iterations: 78
Date : {19, 3, 2003} Iterations: 79
Date : {20, 3, 2003} Iterations: 80
Date : {21, 3, 2003} Iterations: 81
Date : {22, 3, 2003} Iterations: 82
Date : {23, 3, 2003} Iterations: 83
Date : {24, 3, 2003} Iterations: 84
Date : {25, 3, 2003} Iterations: 85
Date : {26, 3, 2003} Iterations: 86
Date : {27, 3, 2003} Iterations: 87
Date : {28, 3, 2003} Iterations: 88
Date : {29, 3, 2003} Iterations: 89
Date : {30, 3, 2003} Iterations: 90
Date : {1, 4, 2003} Iterations: 91
Date : {2, 4, 2003} Iterations: 92
Date : {3, 4, 2003} Iterations: 93
Date : {4, 4, 2003} Iterations: 94
Date : {5, 4, 2003} Iterations: 95
Date : {6, 4, 2003} Iterations: 96
Date : {7, 4, 2003} Iterations: 97
Date : {8, 4, 2003} Iterations: 98
Date : {9, 4, 2003} Iterations: 99
Date : {10, 4, 2003} Iterations: 100
Date : {11, 4, 2003} Iterations: 101
Date : {12, 4, 2003} Iterations: 102
Date : {13, 4, 2003} Iterations: 103
Date : {14, 4, 2003} Iterations: 104
Date : {15, 4, 2003} Iterations: 105
Date : {16, 4, 2003} Iterations: 106
Date : {17, 4, 2003} Iterations: 107
Date : {18, 4, 2003} Iterations: 108
Date : {19, 4, 2003} Iterations: 109
Date : {20, 4, 2003} Iterations: 110
Date : {21, 4, 2003} Iterations: 111
Date : {22, 4, 2003} Iterations: 112
Date : {23, 4, 2003} Iterations: 113
Date : {24, 4, 2003} Iterations: 114
Date : {25, 4, 2003} Iterations: 115
Date : {26, 4, 2003} Iterations: 116
Date : {27, 4, 2003} Iterations: 117
Date : {28, 4, 2003} Iterations: 118
Date : {29, 4, 2003} Iterations: 119
Date : {30, 4, 2003} Iterations: 120
Date : {1, 5, 2003} Iterations: 121
Date : {2, 5, 2003} Iterations: 122
Date : {3, 5, 2003} Iterations: 123
Date : {4, 5, 2003} Iterations: 124
Date : {5, 5, 2003} Iterations: 125
Date : {6, 5, 2003} Iterations: 126
Date : {7, 5, 2003} Iterations: 127
Date : {8, 5, 2003} Iterations: 128
Date : {9, 5, 2003} Iterations: 129
Date : {10, 5, 2003} Iterations: 130
Date : {11, 5, 2003} Iterations: 131
Date : {12, 5, 2003} Iterations: 132
Date : {13, 5, 2003} Iterations: 133
Date : {14, 5, 2003} Iterations: 134
Date : {15, 5, 2003} Iterations: 135
Date : {16, 5, 2003} Iterations: 136
Date : {17, 5, 2003} Iterations: 137
Date : {18, 5, 2003} Iterations: 138
Date : {19, 5, 2003} Iterations: 139
Date : {20, 5, 2003} Iterations: 140
Date : {21, 5, 2003} Iterations: 141
Date : {22, 5, 2003} Iterations: 142
Date : {23, 5, 2003} Iterations: 143
Date : {24, 5, 2003} Iterations: 144
Date : {25, 5, 2003} Iterations: 145
Date : {26, 5, 2003} Iterations: 146
Date : {27, 5, 2003} Iterations: 147
Date : {28, 5, 2003} Iterations: 148
Date : {29, 5, 2003} Iterations: 149
Date : {30, 5, 2003} Iterations: 150
Date : {1, 6, 2003} Iterations: 151
Date : {2, 6, 2003} Iterations: 152
Date : {3, 6, 2003} Iterations: 153
Date : {4, 6, 2003} Iterations: 154
Date : {5, 6, 2003} Iterations: 155
Date : {6, 6, 2003} Iterations: 156
Date : {7, 6, 2003} Iterations: 157
Date : {8, 6, 2003} Iterations: 158
Date : {9, 6, 2003} Iterations: 159
Date : {10, 6, 2003} Iterations: 160
Date : {11, 6, 2003} Iterations: 161
Date : {12, 6, 2003} Iterations: 162
Date : {13, 6, 2003} Iterations: 163
Date : {14, 6, 2003} Iterations: 164
Date : {15, 6, 2003} Iterations: 165
Date : {16, 6, 2003} Iterations: 166
Date : {17, 6, 2003} Iterations: 167
Date : {18, 6, 2003} Iterations: 168
Date : {19, 6, 2003} Iterations: 169
Date : {20, 6, 2003} Iterations: 170
Date : {21, 6, 2003} Iterations: 171
Date : {22, 6, 2003} Iterations: 172
Date : {23, 6, 2003} Iterations: 173
Date : {24, 6, 2003} Iterations: 174
Date : {25, 6, 2003} Iterations: 175
Date : {26, 6, 2003} Iterations: 176
Date : {27, 6, 2003} Iterations: 177
Date : {28, 6, 2003} Iterations: 178
Date : {29, 6, 2003} Iterations: 179
Date : {30, 6, 2003} Iterations: 180
Date : {1, 7, 2003} Iterations: 181
Date : {2, 7, 2003} Iterations: 182
Date : {3, 7, 2003} Iterations: 183
Date : {4, 7, 2003} Iterations: 184
Date : {5, 7, 2003} Iterations: 185
Date : {6, 7, 2003} Iterations: 186
Date : {7, 7, 2003} Iterations: 187
Date : {8, 7, 2003} Iterations: 188
Date : {9, 7, 2003} Iterations: 189
Date : {10, 7, 2003} Iterations: 190
Date : {11, 7, 2003} Iterations: 191
Date : {12, 7, 2003} Iterations: 192
Date : {13, 7, 2003} Iterations: 193
Date : {14, 7, 2003} Iterations: 194
Date : {15, 7, 2003} Iterations: 195
Date : {16, 7, 2003} Iterations: 196
Date : {17, 7, 2003} Iterations: 197
Date : {18, 7, 2003} Iterations: 198
Date : {19, 7, 2003} Iterations: 199
Date : {20, 7, 2003} Iterations: 200
Date : {21, 7, 2003} Iterations: 201
Date : {22, 7, 2003} Iterations: 202
Date : {23, 7, 2003} Iterations: 203
Date : {24, 7, 2003} Iterations: 204
Date : {25, 7, 2003} Iterations: 205
Date : {26, 7, 2003} Iterations: 206
Date : {27, 7, 2003} Iterations: 207
Date : {28, 7, 2003} Iterations: 208
Date : {29, 7, 2003} Iterations: 209
Date : {30, 7, 2003} Iterations: 210
Date : {1, 8, 2003} Iterations: 211
Date : {2, 8, 2003} Iterations: 212
Date : {3, 8, 2003} Iterations: 213
Date : {4, 8, 2003} Iterations: 214
Date : {5, 8, 2003} Iterations: 215
Date : {6, 8, 2003} Iterations: 216
Date : {7, 8, 2003} Iterations: 217
Date : {8, 8, 2003} Iterations: 218
Date : {9, 8, 2003} Iterations: 219
Date : {10, 8, 2003} Iterations: 220
Date : {11, 8, 2003} Iterations: 221
Date : {12, 8, 2003} Iterations: 222
Date : {13, 8, 2003} Iterations: 223
Date : {14, 8, 2003} Iterations: 224
Date : {15, 8, 2003} Iterations: 225
Date : {16, 8, 2003} Iterations: 226
Date : {17, 8, 2003} Iterations: 227
Date : {18, 8, 2003} Iterations: 228
Date : {19, 8, 2003} Iterations: 229
Date : {20, 8, 2003} Iterations: 230
Date : {21, 8, 2003} Iterations: 231
Date : {22, 8, 2003} Iterations: 232
Date : {23, 8, 2003} Iterations: 233
Date : {24, 8, 2003} Iterations: 234
Date : {25, 8, 2003} Iterations: 235
Date : {26, 8, 2003} Iterations: 236
Date : {27, 8, 2003} Iterations: 237
Date : {28, 8, 2003} Iterations: 238
Date : {29, 8, 2003} Iterations: 239
Date : {30, 8, 2003} Iterations: 240
Date : {1, 9, 2003} Iterations: 241
Date : {2, 9, 2003} Iterations: 242
Date : {3, 9, 2003} Iterations: 243
Date : {4, 9, 2003} Iterations: 244
Date : {5, 9, 2003} Iterations: 245
Date : {6, 9, 2003} Iterations: 246
Date : {7, 9, 2003} Iterations: 247
Date : {8, 9, 2003} Iterations: 248
Date : {9, 9, 2003} Iterations: 249
Date : {10, 9, 2003} Iterations: 250
Date : {11, 9, 2003} Iterations: 251
Date : {12, 9, 2003} Iterations: 252
Date : {13, 9, 2003} Iterations: 253
Date : {14, 9, 2003} Iterations: 254
Date : {15, 9, 2003} Iterations: 255
Date : {16, 9, 2003} Iterations: 256
Date : {17, 9, 2003} Iterations: 257
Date : {18, 9, 2003} Iterations: 258
Date : {19, 9, 2003} Iterations: 259
Date : {20, 9, 2003} Iterations: 260
Date : {21, 9, 2003} Iterations: 261
Date : {22, 9, 2003} Iterations: 262
Date : {23, 9, 2003} Iterations: 263
Date : {24, 9, 2003} Iterations: 264
Date : {25, 9, 2003} Iterations: 265
Date : {26, 9, 2003} Iterations: 266
Date : {27, 9, 2003} Iterations: 267
Date : {28, 9, 2003} Iterations: 268
Date : {29, 9, 2003} Iterations: 269
Date : {30, 9, 2003} Iterations: 270
Date : {1, 10, 2003} Iterations: 271
Date : {2, 10, 2003} Iterations: 272
Date : {3, 10, 2003} Iterations: 273
Date : {4, 10, 2003} Iterations: 274
Date : {5, 10, 2003} Iterations: 275
Date : {6, 10, 2003} Iterations: 276
Date : {7, 10, 2003} Iterations: 277
Date : {8, 10, 2003} Iterations: 278
Date : {9, 10, 2003} Iterations: 279
Date : {10, 10, 2003} Iterations: 280
Date : {11, 10, 2003} Iterations: 281
Date : {12, 10, 2003} Iterations: 282
Date : {13, 10, 2003} Iterations: 283
Date : {14, 10, 2003} Iterations: 284
Date : {15, 10, 2003} Iterations: 285
Date : {16, 10, 2003} Iterations: 286
Date : {17, 10, 2003} Iterations: 287
Date : {18, 10, 2003} Iterations: 288
Date : {19, 10, 2003} Iterations: 289
Date : {20, 10, 2003} Iterations: 290
Date : {21, 10, 2003} Iterations: 291
Date : {22, 10, 2003} Iterations: 292
Date : {23, 10, 2003} Iterations: 293
Date : {24, 10, 2003} Iterations: 294
Date : {25, 10, 2003} Iterations: 295
Date : {26, 10, 2003} Iterations: 296
Date : {27, 10, 2003} Iterations: 297
Date : {28, 10, 2003} Iterations: 298
Date : {29, 10, 2003} Iterations: 299
Date : {30, 10, 2003} Iterations: 300
Date : {1, 11, 2003} Iterations: 301
Date : {2, 11, 2003} Iterations: 302
Date : {3, 11, 2003} Iterations: 303
Date : {4, 11, 2003} Iterations: 304
Date : {5, 11, 2003} Iterations: 305
Date : {6, 11, 2003} Iterations: 306
Date : {7, 11, 2003} Iterations: 307
Date : {8, 11, 2003} Iterations: 308
Date : {9, 11, 2003} Iterations: 309
Date : {10, 11, 2003} Iterations: 310
Date : {11, 11, 2003} Iterations: 311
Date : {12, 11, 2003} Iterations: 312
Date : {13, 11, 2003} Iterations: 313
Date : {14, 11, 2003} Iterations: 314
Date : {15, 11, 2003} Iterations: 315
Date : {16, 11, 2003} Iterations: 316
Date : {17, 11, 2003} Iterations: 317
Date : {18, 11, 2003} Iterations: 318
Date : {19, 11, 2003} Iterations: 319
Date : {20, 11, 2003} Iterations: 320
Date : {21, 11, 2003} Iterations: 321
Date : {22, 11, 2003} Iterations: 322
Date : {23, 11, 2003} Iterations: 323
Date : {24, 11, 2003} Iterations: 324
Date : {25, 11, 2003} Iterations: 325
Date : {26, 11, 2003} Iterations: 326
Date : {27, 11, 2003} Iterations: 327
Date : {28, 11, 2003} Iterations: 328
Date : {29, 11, 2003} Iterations: 329
Date : {30, 11, 2003} Iterations: 330
Date : {1, 12, 2003} Iterations: 331
Date : {2, 12, 2003} Iterations: 332
Date : {3, 12, 2003} Iterations: 333
Date : {4, 12, 2003} Iterations: 334
Date : {5, 12, 2003} Iterations: 335
Date : {6, 12, 2003} Iterations: 336
Date : {7, 12, 2003} Iterations: 337
Date : {8, 12, 2003} Iterations: 338
Date : {9, 12, 2003} Iterations: 339
Date : {10, 12, 2003} Iterations: 340
Date : {11, 12, 2003} Iterations: 341
Date : {12, 12, 2003} Iterations: 342
Date : {13, 12, 2003} Iterations: 343
Date : {14, 12, 2003} Iterations: 344
Date : {15, 12, 2003} Iterations: 345
Date : {16, 12, 2003} Iterations: 346
Date : {17, 12, 2003} Iterations: 347
Date : {18, 12, 2003} Iterations: 348
Date : {19, 12, 2003} Iterations: 349
Date : {20, 12, 2003} Iterations: 350
Date : {21, 12, 2003} Iterations: 351
Date : {22, 12, 2003} Iterations: 352
Date : {23, 12, 2003} Iterations: 353
Date : {24, 12, 2003} Iterations: 354
Date : {25, 12, 2003} Iterations: 355
Date : {26, 12, 2003} Iterations: 356
Date : {27, 12, 2003} Iterations: 357
Date : {28, 12, 2003} Iterations: 358
Date : {29, 12, 2003} Iterations: 359
Date : {30, 12, 2003} Iterations: 360
Date : {1, 13, 2003} Iterations: 361
Date : {2, 13, 2003} Iterations: 362
Date : {3, 13, 2003} Iterations: 363
Date : {4, 13, 2003} Iterations: 364
Date : {5, 13, 2003} Iterations: 365
Date : {6, 13, 2003} Iterations: 366
Total num of days: 366
]]></system-out>
  </testcase>
</testsuite>